DEBUG 2013/09/14 19:51:23,884 [MainThread] (SWTBotBridge.java:122) - 	paramTypeClass=class java.lang.String
DEBUG 2013/09/14 19:51:23,885 [MainThread] (SWTBotBridge.java:120) - method=public org.eclipse.swtbot.swt.finder.widgets.SWTBotCombo org.eclipse.swtbot.swt.finder.SWTBot.comboBoxWithLabelInGroup(java.lang.String,java.lang.String,int)
DEBUG 2013/09/14 19:51:23,885 [MainThread] (SWTBotBridge.java:122) - 	paramTypeClass=class java.lang.String
DEBUG 2013/09/14 19:51:23,885 [MainThread] (SWTBotBridge.java:122) - 	paramTypeClass=class java.lang.String
DEBUG 2013/09/14 19:51:23,886 [MainThread] (SWTBotBridge.java:122) - 	paramTypeClass=int
DEBUG 2013/09/14 19:51:23,886 [MainThread] (SWTBotBridge.java:120) - method=public org.eclipse.swtbot.swt.finder.widgets.SWTBotDateTime org.eclipse.swtbot.swt.finder.SWTBot.dateTimeWithLabel(java.lang.String,int)
DEBUG 2013/09/14 19:51:23,887 [MainThread] (SWTBotBridge.java:122) - 	paramTypeClass=class java.lang.String
DEBUG 2013/09/14 19:51:23,887 [MainThread] (SWTBotBridge.java:122) - 	paramTypeClass=int
DEBUG 2013/09/14 19:51:23,887 [MainThread] (SWTBotBridge.java:120) - method=public org.eclipse.swtbot.swt.finder.widgets.SWTBotDateTime org.eclipse.swtbot.swt.finder.SWTBot.dateTimeWithLabel(java.lang.String)
DEBUG 2013/09/14 19:51:23,888 [MainThread] (SWTBotBridge.java:122) - 	paramTypeClass=class java.lang.String
DEBUG 2013/09/14 19:51:23,888 [MainThread] (SWTBotBridge.java:120) - method=public org.eclipse.swtbot.swt.finder.widgets.SWTBotCCombo org.eclipse.swtbot.swt.finder.SWTBot.ccomboBoxWithLabelInGroup(java.lang.String,java.lang.String)
DEBUG 2013/09/14 19:51:23,888 [MainThread] (SWTBotBridge.java:122) - 	paramTypeClass=class java.lang.String
DEBUG 2013/09/14 19:51:23,889 [MainThread] (SWTBotBridge.java:122) - 	paramTypeClass=class java.lang.String
DEBUG 2013/09/14 19:51:23,889 [MainThread] (SWTBotBridge.java:120) - method=public org.eclipse.swtbot.swt.finder.widgets.SWTBotCCombo org.eclipse.swtbot.swt.finder.SWTBot.ccomboBoxWithLabelInGroup(java.lang.String,java.lang.String,int)
DEBUG 2013/09/14 19:51:23,890 [MainThread] (SWTBotBridge.java:122) - 	paramTypeClass=class java.lang.String
DEBUG 2013/09/14 19:51:23,890 [MainThread] (SWTBotBridge.java:122) - 	paramTypeClass=class java.lang.String
DEBUG 2013/09/14 19:51:23,890 [MainThread] (SWTBotBridge.java:122) - 	paramTypeClass=int
DEBUG 2013/09/14 19:51:23,891 [MainThread] (SWTBotBridge.java:120) - method=public org.eclipse.swtbot.swt.finder.widgets.SWTBotCheckBox org.eclipse.swtbot.swt.finder.SWTBot.checkBoxWithLabelInGroup(java.lang.String,java.lang.String,int)
DEBUG 2013/09/14 19:51:23,891 [MainThread] (SWTBotBridge.java:122) - 	paramTypeClass=class java.lang.String
DEBUG 2013/09/14 19:51:23,892 [MainThread] (SWTBotBridge.java:122) - 	paramTypeClass=class java.lang.String
DEBUG 2013/09/14 19:51:23,892 [MainThread] (SWTBotBridge.java:122) - 	paramTypeClass=int
DEBUG 2013/09/14 19:51:23,892 [MainThread] (SWTBotBridge.java:120) - method=public org.eclipse.swtbot.swt.finder.widgets.SWTBotCheckBox org.eclipse.swtbot.swt.finder.SWTBot.checkBoxWithLabelInGroup(java.lang.String,java.lang.String)
DEBUG 2013/09/14 19:51:23,893 [MainThread] (SWTBotBridge.java:122) - 	paramTypeClass=class java.lang.String
DEBUG 2013/09/14 19:51:23,893 [MainThread] (SWTBotBridge.java:122) - 	paramTypeClass=class java.lang.String
DEBUG 2013/09/14 19:51:23,894 [MainThread] (SWTBotBridge.java:120) - method=public org.eclipse.swtbot.swt.finder.widgets.SWTBotCTabItem org.eclipse.swtbot.swt.finder.SWTBot.cTabItemWithId(java.lang.String,int)
DEBUG 2013/09/14 19:51:23,894 [MainThread] (SWTBotBridge.java:122) - 	paramTypeClass=class java.lang.String
DEBUG 2013/09/14 19:51:23,894 [MainThread] (SWTBotBridge.java:122) - 	paramTypeClass=int
DEBUG 2013/09/14 19:51:23,895 [MainThread] (SWTBotBridge.java:120) - method=public org.eclipse.swtbot.swt.finder.widgets.SWTBotCTabItem org.eclipse.swtbot.swt.finder.SWTBot.cTabItemWithId(java.lang.String,java.lang.String)
DEBUG 2013/09/14 19:51:23,895 [MainThread] (SWTBotBridge.java:122) - 	paramTypeClass=class java.lang.String
DEBUG 2013/09/14 19:51:23,895 [MainThread] (SWTBotBridge.java:122) - 	paramTypeClass=class java.lang.String
DEBUG 2013/09/14 19:51:23,896 [MainThread] (SWTBotBridge.java:120) - method=public org.eclipse.swtbot.swt.finder.widgets.SWTBotCTabItem org.eclipse.swtbot.swt.finder.SWTBot.cTabItemWithId(java.lang.String,java.lang.String,int)
DEBUG 2013/09/14 19:51:23,896 [MainThread] (SWTBotBridge.java:122) - 	paramTypeClass=class java.lang.String
DEBUG 2013/09/14 19:51:23,897 [MainThread] (SWTBotBridge.java:122) - 	paramTypeClass=class java.lang.String
DEBUG 2013/09/14 19:51:23,897 [MainThread] (SWTBotBridge.java:122) - 	paramTypeClass=int
DEBUG 2013/09/14 19:51:23,897 [MainThread] (SWTBotBridge.java:120) - method=public org.eclipse.swtbot.swt.finder.widgets.SWTBotCTabItem org.eclipse.swtbot.swt.finder.SWTBot.cTabItemWithId(java.lang.String)
DEBUG 2013/09/14 19:51:23,898 [MainThread] (SWTBotBridge.java:122) - 	paramTypeClass=class java.lang.String
DEBUG 2013/09/14 19:51:23,898 [MainThread] (SWTBotBridge.java:120) - method=public org.eclipse.swtbot.swt.finder.widgets.SWTBotCTabItem org.eclipse.swtbot.swt.finder.SWTBot.cTabItemInGroup(java.lang.String,int)
DEBUG 2013/09/14 19:51:23,899 [MainThread] (SWTBotBridge.java:122) - 	paramTypeClass=class java.lang.String
DEBUG 2013/09/14 19:51:23,899 [MainThread] (SWTBotBridge.java:122) - 	paramTypeClass=int
DEBUG 2013/09/14 19:51:23,899 [MainThread] (SWTBotBridge.java:120) - method=public org.eclipse.swtbot.swt.finder.widgets.SWTBotCTabItem org.eclipse.swtbot.swt.finder.SWTBot.cTabItemInGroup(java.lang.String)
DEBUG 2013/09/14 19:51:23,900 [MainThread] (SWTBotBridge.java:122) - 	paramTypeClass=class java.lang.String
DEBUG 2013/09/14 19:51:23,900 [MainThread] (SWTBotBridge.java:120) - method=public org.eclipse.swtbot.swt.finder.widgets.SWTBotCTabItem org.eclipse.swtbot.swt.finder.SWTBot.cTabItemInGroup(java.lang.String,java.lang.String)
DEBUG 2013/09/14 19:51:23,900 [MainThread] (SWTBotBridge.java:122) - 	paramTypeClass=class java.lang.String
DEBUG 2013/09/14 19:51:23,901 [MainThread] (SWTBotBridge.java:122) - 	paramTypeClass=class java.lang.String
DEBUG 2013/09/14 19:51:23,901 [MainThread] (SWTBotBridge.java:120) - method=public org.eclipse.swtbot.swt.finder.widgets.SWTBotCTabItem org.eclipse.swtbot.swt.finder.SWTBot.cTabItemInGroup(java.lang.String,java.lang.String,int)
DEBUG 2013/09/14 19:51:23,902 [MainThread] (SWTBotBridge.java:122) - 	paramTypeClass=class java.lang.String
DEBUG 2013/09/14 19:51:23,902 [MainThread] (SWTBotBridge.java:122) - 	paramTypeClass=class java.lang.String
DEBUG 2013/09/14 19:51:23,902 [MainThread] (SWTBotBridge.java:122) - 	paramTypeClass=int
DEBUG 2013/09/14 19:51:23,903 [MainThread] (SWTBotBridge.java:120) - method=public org.eclipse.swtbot.swt.finder.widgets.SWTBotCCombo org.eclipse.swtbot.swt.finder.SWTBot.ccomboBoxWithId(java.lang.String,java.lang.String)
DEBUG 2013/09/14 19:51:23,903 [MainThread] (SWTBotBridge.java:122) - 	paramTypeClass=class java.lang.String
DEBUG 2013/09/14 19:51:23,903 [MainThread] (SWTBotBridge.java:122) - 	paramTypeClass=class java.lang.String
DEBUG 2013/09/14 19:51:23,904 [MainThread] (SWTBotBridge.java:120) - method=public org.eclipse.swtbot.swt.finder.widgets.SWTBotCCombo org.eclipse.swtbot.swt.finder.SWTBot.ccomboBoxWithId(java.lang.String,java.lang.String,int)
DEBUG 2013/09/14 19:51:23,904 [MainThread] (SWTBotBridge.java:122) - 	paramTypeClass=class java.lang.String
DEBUG 2013/09/14 19:51:23,905 [MainThread] (SWTBotBridge.java:122) - 	paramTypeClass=class java.lang.String
DEBUG 2013/09/14 19:51:23,905 [MainThread] (SWTBotBridge.java:122) - 	paramTypeClass=int
DEBUG 2013/09/14 19:51:23,905 [MainThread] (SWTBotBridge.java:120) - method=public org.eclipse.swtbot.swt.finder.widgets.SWTBotCCombo org.eclipse.swtbot.swt.finder.SWTBot.ccomboBoxWithId(java.lang.String)
DEBUG 2013/09/14 19:51:23,906 [MainThread] (SWTBotBridge.java:122) - 	paramTypeClass=class java.lang.String
DEBUG 2013/09/14 19:51:23,906 [MainThread] (SWTBotBridge.java:120) - method=public org.eclipse.swtbot.swt.finder.widgets.SWTBotCCombo org.eclipse.swtbot.swt.finder.SWTBot.ccomboBoxWithId(java.lang.String,int)
DEBUG 2013/09/14 19:51:23,907 [MainThread] (SWTBotBridge.java:122) - 	paramTypeClass=class java.lang.String
DEBUG 2013/09/14 19:51:23,907 [MainThread] (SWTBotBridge.java:122) - 	paramTypeClass=int
DEBUG 2013/09/14 19:51:23,907 [MainThread] (SWTBotBridge.java:120) - method=public org.eclipse.swtbot.swt.finder.widgets.SWTBotCheckBox org.eclipse.swtbot.swt.finder.SWTBot.checkBoxWithLabel(java.lang.String)
DEBUG 2013/09/14 19:51:23,908 [MainThread] (SWTBotBridge.java:122) - 	paramTypeClass=class java.lang.String
DEBUG 2013/09/14 19:51:23,908 [MainThread] (SWTBotBridge.java:120) - method=public org.eclipse.swtbot.swt.finder.widgets.SWTBotCheckBox org.eclipse.swtbot.swt.finder.SWTBot.checkBoxWithLabel(java.lang.String,int)
DEBUG 2013/09/14 19:51:23,909 [MainThread] (SWTBotBridge.java:122) - 	paramTypeClass=class java.lang.String
DEBUG 2013/09/14 19:51:23,909 [MainThread] (SWTBotBridge.java:122) - 	paramTypeClass=int
DEBUG 2013/09/14 19:51:23,909 [MainThread] (SWTBotBridge.java:120) - method=public org.eclipse.swtbot.swt.finder.widgets.SWTBotSpinner org.eclipse.swtbot.swt.finder.SWTBot.spinnerWithLabelInGroup(java.lang.String,java.lang.String,int)
DEBUG 2013/09/14 19:51:23,910 [MainThread] (SWTBotBridge.java:122) - 	paramTypeClass=class java.lang.String
DEBUG 2013/09/14 19:51:23,910 [MainThread] (SWTBotBridge.java:122) - 	paramTypeClass=class java.lang.String
DEBUG 2013/09/14 19:51:23,910 [MainThread] (SWTBotBridge.java:122) - 	paramTypeClass=int
DEBUG 2013/09/14 19:51:23,911 [MainThread] (SWTBotBridge.java:120) - method=public org.eclipse.swtbot.swt.finder.widgets.SWTBotSpinner org.eclipse.swtbot.swt.finder.SWTBot.spinnerWithLabelInGroup(java.lang.String,java.lang.String)
DEBUG 2013/09/14 19:51:23,911 [MainThread] (SWTBotBridge.java:122) - 	paramTypeClass=class java.lang.String
DEBUG 2013/09/14 19:51:23,912 [MainThread] (SWTBotBridge.java:122) - 	paramTypeClass=class java.lang.String
DEBUG 2013/09/14 19:51:23,912 [MainThread] (SWTBotBridge.java:120) - method=public org.eclipse.swtbot.swt.finder.widgets.SWTBotList org.eclipse.swtbot.swt.finder.SWTBot.listWithLabel(java.lang.String)
DEBUG 2013/09/14 19:51:23,912 [MainThread] (SWTBotBridge.java:122) - 	paramTypeClass=class java.lang.String
DEBUG 2013/09/14 19:51:23,913 [MainThread] (SWTBotBridge.java:120) - method=public org.eclipse.swtbot.swt.finder.widgets.SWTBotList org.eclipse.swtbot.swt.finder.SWTBot.listWithLabel(java.lang.String,int)
DEBUG 2013/09/14 19:51:23,913 [MainThread] (SWTBotBridge.java:122) - 	paramTypeClass=class java.lang.String
DEBUG 2013/09/14 19:51:23,913 [MainThread] (SWTBotBridge.java:122) - 	paramTypeClass=int
DEBUG 2013/09/14 19:51:23,914 [MainThread] (SWTBotBridge.java:120) - method=public org.eclipse.swtbot.swt.finder.widgets.SWTBotTabItem org.eclipse.swtbot.swt.finder.SWTBot.tabItemWithId(java.lang.String,int)
DEBUG 2013/09/14 19:51:23,914 [MainThread] (SWTBotBridge.java:122) - 	paramTypeClass=class java.lang.String
DEBUG 2013/09/14 19:51:23,915 [MainThread] (SWTBotBridge.java:122) - 	paramTypeClass=int
DEBUG 2013/09/14 19:51:23,915 [MainThread] (SWTBotBridge.java:120) - method=public org.eclipse.swtbot.swt.finder.widgets.SWTBotTabItem org.eclipse.swtbot.swt.finder.SWTBot.tabItemWithId(java.lang.String)
DEBUG 2013/09/14 19:51:23,915 [MainThread] (SWTBotBridge.java:122) - 	paramTypeClass=class java.lang.String
DEBUG 2013/09/14 19:51:23,916 [MainThread] (SWTBotBridge.java:120) - method=public org.eclipse.swtbot.swt.finder.widgets.SWTBotTabItem org.eclipse.swtbot.swt.finder.SWTBot.tabItemWithId(java.lang.String,java.lang.String,int)
DEBUG 2013/09/14 19:51:23,916 [MainThread] (SWTBotBridge.java:122) - 	paramTypeClass=class java.lang.String
DEBUG 2013/09/14 19:51:23,917 [MainThread] (SWTBotBridge.java:122) - 	paramTypeClass=class java.lang.String
DEBUG 2013/09/14 19:51:23,917 [MainThread] (SWTBotBridge.java:122) - 	paramTypeClass=int
DEBUG 2013/09/14 19:51:23,917 [MainThread] (SWTBotBridge.java:120) - method=public org.eclipse.swtbot.swt.finder.widgets.SWTBotTabItem org.eclipse.swtbot.swt.finder.SWTBot.tabItemWithId(java.lang.String,java.lang.String)
DEBUG 2013/09/14 19:51:23,918 [MainThread] (SWTBotBridge.java:122) - 	paramTypeClass=class java.lang.String
DEBUG 2013/09/14 19:51:23,918 [MainThread] (SWTBotBridge.java:122) - 	paramTypeClass=class java.lang.String
DEBUG 2013/09/14 19:51:23,919 [MainThread] (SWTBotBridge.java:120) - method=public org.eclipse.swtbot.swt.finder.widgets.SWTBotTable org.eclipse.swtbot.swt.finder.SWTBot.tableWithLabel(java.lang.String,int)
DEBUG 2013/09/14 19:51:23,919 [MainThread] (SWTBotBridge.java:122) - 	paramTypeClass=class java.lang.String
DEBUG 2013/09/14 19:51:23,920 [MainThread] (SWTBotBridge.java:122) - 	paramTypeClass=int
DEBUG 2013/09/14 19:51:23,920 [MainThread] (SWTBotBridge.java:120) - method=public org.eclipse.swtbot.swt.finder.widgets.SWTBotTable org.eclipse.swtbot.swt.finder.SWTBot.tableWithLabel(java.lang.String)
DEBUG 2013/09/14 19:51:23,921 [MainThread] (SWTBotBridge.java:122) - 	paramTypeClass=class java.lang.String
DEBUG 2013/09/14 19:51:23,921 [MainThread] (SWTBotBridge.java:120) - method=public org.eclipse.swtbot.swt.finder.widgets.SWTBotTable org.eclipse.swtbot.swt.finder.SWTBot.tableWithLabelInGroup(java.lang.String,java.lang.String,int)
DEBUG 2013/09/14 19:51:23,921 [MainThread] (SWTBotBridge.java:122) - 	paramTypeClass=class java.lang.String
DEBUG 2013/09/14 19:51:23,922 [MainThread] (SWTBotBridge.java:122) - 	paramTypeClass=class java.lang.String
DEBUG 2013/09/14 19:51:23,922 [MainThread] (SWTBotBridge.java:122) - 	paramTypeClass=int
DEBUG 2013/09/14 19:51:23,923 [MainThread] (SWTBotBridge.java:120) - method=public org.eclipse.swtbot.swt.finder.widgets.SWTBotTable org.eclipse.swtbot.swt.finder.SWTBot.tableWithLabelInGroup(java.lang.String,java.lang.String)
DEBUG 2013/09/14 19:51:23,923 [MainThread] (SWTBotBridge.java:122) - 	paramTypeClass=class java.lang.String
DEBUG 2013/09/14 19:51:23,923 [MainThread] (SWTBotBridge.java:122) - 	paramTypeClass=class java.lang.String
DEBUG 2013/09/14 19:51:23,924 [MainThread] (SWTBotBridge.java:120) - method=public org.eclipse.swtbot.swt.finder.widgets.SWTBotRadio org.eclipse.swtbot.swt.finder.SWTBot.radioWithTooltip(java.lang.String,int)
DEBUG 2013/09/14 19:51:23,924 [MainThread] (SWTBotBridge.java:122) - 	paramTypeClass=class java.lang.String
DEBUG 2013/09/14 19:51:23,925 [MainThread] (SWTBotBridge.java:122) - 	paramTypeClass=int
DEBUG 2013/09/14 19:51:23,925 [MainThread] (SWTBotBridge.java:120) - method=public org.eclipse.swtbot.swt.finder.widgets.SWTBotRadio org.eclipse.swtbot.swt.finder.SWTBot.radioWithTooltip(java.lang.String)
DEBUG 2013/09/14 19:51:23,925 [MainThread] (SWTBotBridge.java:122) - 	paramTypeClass=class java.lang.String
DEBUG 2013/09/14 19:51:23,926 [MainThread] (SWTBotBridge.java:120) - method=public org.eclipse.swtbot.swt.finder.widgets.SWTBotRadio org.eclipse.swtbot.swt.finder.SWTBot.radioWithTooltipInGroup(java.lang.String,java.lang.String,int)
DEBUG 2013/09/14 19:51:23,926 [MainThread] (SWTBotBridge.java:122) - 	paramTypeClass=class java.lang.String
DEBUG 2013/09/14 19:51:23,926 [MainThread] (SWTBotBridge.java:122) - 	paramTypeClass=class java.lang.String
DEBUG 2013/09/14 19:51:23,927 [MainThread] (SWTBotBridge.java:122) - 	paramTypeClass=int
DEBUG 2013/09/14 19:51:23,927 [MainThread] (SWTBotBridge.java:120) - method=public org.eclipse.swtbot.swt.finder.widgets.SWTBotRadio org.eclipse.swtbot.swt.finder.SWTBot.radioWithTooltipInGroup(java.lang.String,java.lang.String)
DEBUG 2013/09/14 19:51:23,928 [MainThread] (SWTBotBridge.java:122) - 	paramTypeClass=class java.lang.String
DEBUG 2013/09/14 19:51:23,928 [MainThread] (SWTBotBridge.java:122) - 	paramTypeClass=class java.lang.String
DEBUG 2013/09/14 19:51:23,928 [MainThread] (SWTBotBridge.java:120) - method=public org.eclipse.swtbot.swt.finder.widgets.SWTBotStyledText org.eclipse.swtbot.swt.finder.SWTBot.styledTextInGroup(java.lang.String,java.lang.String,int)
DEBUG 2013/09/14 19:51:23,929 [MainThread] (SWTBotBridge.java:122) - 	paramTypeClass=class java.lang.String
DEBUG 2013/09/14 19:51:23,929 [MainThread] (SWTBotBridge.java:122) - 	paramTypeClass=class java.lang.String
DEBUG 2013/09/14 19:51:23,930 [MainThread] (SWTBotBridge.java:122) - 	paramTypeClass=int
DEBUG 2013/09/14 19:51:23,930 [MainThread] (SWTBotBridge.java:120) - method=public org.eclipse.swtbot.swt.finder.widgets.SWTBotStyledText org.eclipse.swtbot.swt.finder.SWTBot.styledTextInGroup(java.lang.String,int)
DEBUG 2013/09/14 19:51:23,930 [MainThread] (SWTBotBridge.java:122) - 	paramTypeClass=class java.lang.String
DEBUG 2013/09/14 19:51:23,931 [MainThread] (SWTBotBridge.java:122) - 	paramTypeClass=int
DEBUG 2013/09/14 19:51:23,931 [MainThread] (SWTBotBridge.java:120) - method=public org.eclipse.swtbot.swt.finder.widgets.SWTBotStyledText org.eclipse.swtbot.swt.finder.SWTBot.styledTextInGroup(java.lang.String)
DEBUG 2013/09/14 19:51:23,932 [MainThread] (SWTBotBridge.java:122) - 	paramTypeClass=class java.lang.String
DEBUG 2013/09/14 19:51:23,932 [MainThread] (SWTBotBridge.java:120) - method=public org.eclipse.swtbot.swt.finder.widgets.SWTBotStyledText org.eclipse.swtbot.swt.finder.SWTBot.styledTextInGroup(java.lang.String,java.lang.String)
DEBUG 2013/09/14 19:51:23,932 [MainThread] (SWTBotBridge.java:122) - 	paramTypeClass=class java.lang.String
DEBUG 2013/09/14 19:51:23,933 [MainThread] (SWTBotBridge.java:122) - 	paramTypeClass=class java.lang.String
DEBUG 2013/09/14 19:51:23,933 [MainThread] (SWTBotBridge.java:120) - method=public org.eclipse.swtbot.swt.finder.widgets.SWTBotSpinner org.eclipse.swtbot.swt.finder.SWTBot.spinnerWithLabel(java.lang.String)
DEBUG 2013/09/14 19:51:23,933 [MainThread] (SWTBotBridge.java:122) - 	paramTypeClass=class java.lang.String
DEBUG 2013/09/14 19:51:23,934 [MainThread] (SWTBotBridge.java:120) - method=public org.eclipse.swtbot.swt.finder.widgets.SWTBotSpinner org.eclipse.swtbot.swt.finder.SWTBot.spinnerWithLabel(java.lang.String,int)
DEBUG 2013/09/14 19:51:23,934 [MainThread] (SWTBotBridge.java:122) - 	paramTypeClass=class java.lang.String
DEBUG 2013/09/14 19:51:23,935 [MainThread] (SWTBotBridge.java:122) - 	paramTypeClass=int
DEBUG 2013/09/14 19:51:23,935 [MainThread] (SWTBotBridge.java:120) - method=public org.eclipse.swtbot.swt.finder.widgets.SWTBotSlider org.eclipse.swtbot.swt.finder.SWTBot.sliderWithTooltip(java.lang.String)
DEBUG 2013/09/14 19:51:23,935 [MainThread] (SWTBotBridge.java:122) - 	paramTypeClass=class java.lang.String
DEBUG 2013/09/14 19:51:23,936 [MainThread] (SWTBotBridge.java:120) - method=public org.eclipse.swtbot.swt.finder.widgets.SWTBotSlider org.eclipse.swtbot.swt.finder.SWTBot.sliderWithTooltip(java.lang.String,int)
DEBUG 2013/09/14 19:51:23,936 [MainThread] (SWTBotBridge.java:122) - 	paramTypeClass=class java.lang.String
DEBUG 2013/09/14 19:51:23,937 [MainThread] (SWTBotBridge.java:122) - 	paramTypeClass=int
DEBUG 2013/09/14 19:51:23,937 [MainThread] (SWTBotBridge.java:120) - method=public org.eclipse.swtbot.swt.finder.widgets.SWTBotSlider org.eclipse.swtbot.swt.finder.SWTBot.sliderWithLabelInGroup(java.lang.String,java.lang.String,int)
DEBUG 2013/09/14 19:51:23,938 [MainThread] (SWTBotBridge.java:122) - 	paramTypeClass=class java.lang.String
DEBUG 2013/09/14 19:51:23,938 [MainThread] (SWTBotBridge.java:122) - 	paramTypeClass=class java.lang.String
DEBUG 2013/09/14 19:51:23,938 [MainThread] (SWTBotBridge.java:122) - 	paramTypeClass=int
DEBUG 2013/09/14 19:51:23,939 [MainThread] (SWTBotBridge.java:120) - method=public org.eclipse.swtbot.swt.finder.widgets.SWTBotSlider org.eclipse.swtbot.swt.finder.SWTBot.sliderWithLabelInGroup(java.lang.String,java.lang.String)
DEBUG 2013/09/14 19:51:23,939 [MainThread] (SWTBotBridge.java:122) - 	paramTypeClass=class java.lang.String
DEBUG 2013/09/14 19:51:23,939 [MainThread] (SWTBotBridge.java:122) - 	paramTypeClass=class java.lang.String
DEBUG 2013/09/14 19:51:23,940 [MainThread] (SWTBotBridge.java:120) - method=public org.eclipse.swtbot.swt.finder.widgets.SWTBotRadio org.eclipse.swtbot.swt.finder.SWTBot.radioWithLabel(java.lang.String,int)
DEBUG 2013/09/14 19:51:23,940 [MainThread] (SWTBotBridge.java:122) - 	paramTypeClass=class java.lang.String
DEBUG 2013/09/14 19:51:23,941 [MainThread] (SWTBotBridge.java:122) - 	paramTypeClass=int
DEBUG 2013/09/14 19:51:23,941 [MainThread] (SWTBotBridge.java:120) - method=public org.eclipse.swtbot.swt.finder.widgets.SWTBotRadio org.eclipse.swtbot.swt.finder.SWTBot.radioWithLabel(java.lang.String)
DEBUG 2013/09/14 19:51:23,941 [MainThread] (SWTBotBridge.java:122) - 	paramTypeClass=class java.lang.String
DEBUG 2013/09/14 19:51:23,942 [MainThread] (SWTBotBridge.java:120) - method=public org.eclipse.swtbot.swt.finder.widgets.SWTBotSlider org.eclipse.swtbot.swt.finder.SWTBot.sliderWithTooltipInGroup(java.lang.String,java.lang.String)
DEBUG 2013/09/14 19:51:23,942 [MainThread] (SWTBotBridge.java:122) - 	paramTypeClass=class java.lang.String
DEBUG 2013/09/14 19:51:23,943 [MainThread] (SWTBotBridge.java:122) - 	paramTypeClass=class java.lang.String
DEBUG 2013/09/14 19:51:23,943 [MainThread] (SWTBotBridge.java:120) - method=public org.eclipse.swtbot.swt.finder.widgets.SWTBotSlider org.eclipse.swtbot.swt.finder.SWTBot.sliderWithTooltipInGroup(java.lang.String,java.lang.String,int)
DEBUG 2013/09/14 19:51:23,943 [MainThread] (SWTBotBridge.java:122) - 	paramTypeClass=class java.lang.String
DEBUG 2013/09/14 19:51:23,944 [MainThread] (SWTBotBridge.java:122) - 	paramTypeClass=class java.lang.String
DEBUG 2013/09/14 19:51:23,944 [MainThread] (SWTBotBridge.java:122) - 	paramTypeClass=int
DEBUG 2013/09/14 19:51:23,945 [MainThread] (SWTBotBridge.java:120) - method=public org.eclipse.swtbot.swt.finder.widgets.SWTBotSpinner org.eclipse.swtbot.swt.finder.SWTBot.spinnerWithTooltipInGroup(java.lang.String,java.lang.String,int)
DEBUG 2013/09/14 19:51:23,945 [MainThread] (SWTBotBridge.java:122) - 	paramTypeClass=class java.lang.String
DEBUG 2013/09/14 19:51:23,945 [MainThread] (SWTBotBridge.java:122) - 	paramTypeClass=class java.lang.String
DEBUG 2013/09/14 19:51:23,946 [MainThread] (SWTBotBridge.java:122) - 	paramTypeClass=int
DEBUG 2013/09/14 19:51:23,946 [MainThread] (SWTBotBridge.java:120) - method=public org.eclipse.swtbot.swt.finder.widgets.SWTBotSpinner org.eclipse.swtbot.swt.finder.SWTBot.spinnerWithTooltipInGroup(java.lang.String,java.lang.String)
DEBUG 2013/09/14 19:51:23,947 [MainThread] (SWTBotBridge.java:122) - 	paramTypeClass=class java.lang.String
DEBUG 2013/09/14 19:51:23,947 [MainThread] (SWTBotBridge.java:122) - 	paramTypeClass=class java.lang.String
DEBUG 2013/09/14 19:51:23,947 [MainThread] (SWTBotBridge.java:120) - method=public org.eclipse.swtbot.swt.finder.widgets.SWTBotStyledText org.eclipse.swtbot.swt.finder.SWTBot.styledTextWithLabelInGroup(java.lang.String,java.lang.String,int)
DEBUG 2013/09/14 19:51:23,948 [MainThread] (SWTBotBridge.java:122) - 	paramTypeClass=class java.lang.String
DEBUG 2013/09/14 19:51:23,948 [MainThread] (SWTBotBridge.java:122) - 	paramTypeClass=class java.lang.String
DEBUG 2013/09/14 19:51:23,948 [MainThread] (SWTBotBridge.java:122) - 	paramTypeClass=int
DEBUG 2013/09/14 19:51:23,949 [MainThread] (SWTBotBridge.java:120) - method=public org.eclipse.swtbot.swt.finder.widgets.SWTBotStyledText org.eclipse.swtbot.swt.finder.SWTBot.styledTextWithLabelInGroup(java.lang.String,java.lang.String)
DEBUG 2013/09/14 19:51:23,949 [MainThread] (SWTBotBridge.java:122) - 	paramTypeClass=class java.lang.String
DEBUG 2013/09/14 19:51:23,950 [MainThread] (SWTBotBridge.java:122) - 	paramTypeClass=class java.lang.String
DEBUG 2013/09/14 19:51:23,950 [MainThread] (SWTBotBridge.java:120) - method=public org.eclipse.swtbot.swt.finder.widgets.SWTBotStyledText org.eclipse.swtbot.swt.finder.SWTBot.styledTextWithId(java.lang.String,java.lang.String)
DEBUG 2013/09/14 19:51:23,950 [MainThread] (SWTBotBridge.java:122) - 	paramTypeClass=class java.lang.String
DEBUG 2013/09/14 19:51:23,951 [MainThread] (SWTBotBridge.java:122) - 	paramTypeClass=class java.lang.String
DEBUG 2013/09/14 19:51:23,951 [MainThread] (SWTBotBridge.java:120) - method=public org.eclipse.swtbot.swt.finder.widgets.SWTBotStyledText org.eclipse.swtbot.swt.finder.SWTBot.styledTextWithId(java.lang.String,java.lang.String,int)
DEBUG 2013/09/14 19:51:23,952 [MainThread] (SWTBotBridge.java:122) - 	paramTypeClass=class java.lang.String
DEBUG 2013/09/14 19:51:23,952 [MainThread] (SWTBotBridge.java:122) - 	paramTypeClass=class java.lang.String
DEBUG 2013/09/14 19:51:23,952 [MainThread] (SWTBotBridge.java:122) - 	paramTypeClass=int
DEBUG 2013/09/14 19:51:23,953 [MainThread] (SWTBotBridge.java:120) - method=public org.eclipse.swtbot.swt.finder.widgets.SWTBotStyledText org.eclipse.swtbot.swt.finder.SWTBot.styledTextWithId(java.lang.String,int)
DEBUG 2013/09/14 19:51:23,953 [MainThread] (SWTBotBridge.java:122) - 	paramTypeClass=class java.lang.String
DEBUG 2013/09/14 19:51:23,953 [MainThread] (SWTBotBridge.java:122) - 	paramTypeClass=int
DEBUG 2013/09/14 19:51:23,954 [MainThread] (SWTBotBridge.java:120) - method=public org.eclipse.swtbot.swt.finder.widgets.SWTBotStyledText org.eclipse.swtbot.swt.finder.SWTBot.styledTextWithId(java.lang.String)
DEBUG 2013/09/14 19:51:23,954 [MainThread] (SWTBotBridge.java:122) - 	paramTypeClass=class java.lang.String
DEBUG 2013/09/14 19:51:23,955 [MainThread] (SWTBotBridge.java:120) - method=public org.eclipse.swtbot.swt.finder.widgets.SWTBotSpinner org.eclipse.swtbot.swt.finder.SWTBot.spinnerWithId(java.lang.String,java.lang.String)
DEBUG 2013/09/14 19:51:23,955 [MainThread] (SWTBotBridge.java:122) - 	paramTypeClass=class java.lang.String
DEBUG 2013/09/14 19:51:23,955 [MainThread] (SWTBotBridge.java:122) - 	paramTypeClass=class java.lang.String
DEBUG 2013/09/14 19:51:23,956 [MainThread] (SWTBotBridge.java:120) - method=public org.eclipse.swtbot.swt.finder.widgets.SWTBotSpinner org.eclipse.swtbot.swt.finder.SWTBot.spinnerWithId(java.lang.String,java.lang.String,int)
DEBUG 2013/09/14 19:51:23,956 [MainThread] (SWTBotBridge.java:122) - 	paramTypeClass=class java.lang.String
DEBUG 2013/09/14 19:51:23,957 [MainThread] (SWTBotBridge.java:122) - 	paramTypeClass=class java.lang.String
DEBUG 2013/09/14 19:51:23,957 [MainThread] (SWTBotBridge.java:122) - 	paramTypeClass=int
DEBUG 2013/09/14 19:51:23,957 [MainThread] (SWTBotBridge.java:120) - method=public org.eclipse.swtbot.swt.finder.widgets.SWTBotSpinner org.eclipse.swtbot.swt.finder.SWTBot.spinnerWithId(java.lang.String)
DEBUG 2013/09/14 19:51:23,958 [MainThread] (SWTBotBridge.java:122) - 	paramTypeClass=class java.lang.String
DEBUG 2013/09/14 19:51:23,958 [MainThread] (SWTBotBridge.java:120) - method=public org.eclipse.swtbot.swt.finder.widgets.SWTBotSpinner org.eclipse.swtbot.swt.finder.SWTBot.spinnerWithId(java.lang.String,int)
DEBUG 2013/09/14 19:51:23,959 [MainThread] (SWTBotBridge.java:122) - 	paramTypeClass=class java.lang.String
DEBUG 2013/09/14 19:51:23,959 [MainThread] (SWTBotBridge.java:122) - 	paramTypeClass=int
DEBUG 2013/09/14 19:51:23,959 [MainThread] (SWTBotBridge.java:120) - method=public org.eclipse.swtbot.swt.finder.widgets.SWTBotList org.eclipse.swtbot.swt.finder.SWTBot.listWithLabelInGroup(java.lang.String,java.lang.String)
DEBUG 2013/09/14 19:51:23,960 [MainThread] (SWTBotBridge.java:122) - 	paramTypeClass=class java.lang.String
DEBUG 2013/09/14 19:51:23,960 [MainThread] (SWTBotBridge.java:122) - 	paramTypeClass=class java.lang.String
DEBUG 2013/09/14 19:51:23,960 [MainThread] (SWTBotBridge.java:120) - method=public org.eclipse.swtbot.swt.finder.widgets.SWTBotList org.eclipse.swtbot.swt.finder.SWTBot.listWithLabelInGroup(java.lang.String,java.lang.String,int)
DEBUG 2013/09/14 19:51:23,961 [MainThread] (SWTBotBridge.java:122) - 	paramTypeClass=class java.lang.String
DEBUG 2013/09/14 19:51:23,961 [MainThread] (SWTBotBridge.java:122) - 	paramTypeClass=class java.lang.String
DEBUG 2013/09/14 19:51:23,962 [MainThread] (SWTBotBridge.java:122) - 	paramTypeClass=int
DEBUG 2013/09/14 19:51:23,962 [MainThread] (SWTBotBridge.java:120) - method=public org.eclipse.swtbot.swt.finder.widgets.SWTBotSlider org.eclipse.swtbot.swt.finder.SWTBot.sliderWithLabel(java.lang.String,int)
DEBUG 2013/09/14 19:51:23,962 [MainThread] (SWTBotBridge.java:122) - 	paramTypeClass=class java.lang.String
DEBUG 2013/09/14 19:51:23,963 [MainThread] (SWTBotBridge.java:122) - 	paramTypeClass=int
DEBUG 2013/09/14 19:51:23,963 [MainThread] (SWTBotBridge.java:120) - method=public org.eclipse.swtbot.swt.finder.widgets.SWTBotSlider org.eclipse.swtbot.swt.finder.SWTBot.sliderWithLabel(java.lang.String)
DEBUG 2013/09/14 19:51:23,963 [MainThread] (SWTBotBridge.java:122) - 	paramTypeClass=class java.lang.String
DEBUG 2013/09/14 19:51:23,964 [MainThread] (SWTBotBridge.java:120) - method=public org.eclipse.swtbot.swt.finder.widgets.SWTBotSpinner org.eclipse.swtbot.swt.finder.SWTBot.spinnerWithTooltip(java.lang.String,int)
DEBUG 2013/09/14 19:51:23,964 [MainThread] (SWTBotBridge.java:122) - 	paramTypeClass=class java.lang.String
DEBUG 2013/09/14 19:51:23,965 [MainThread] (SWTBotBridge.java:122) - 	paramTypeClass=int
DEBUG 2013/09/14 19:51:23,965 [MainThread] (SWTBotBridge.java:120) - method=public org.eclipse.swtbot.swt.finder.widgets.SWTBotSpinner org.eclipse.swtbot.swt.finder.SWTBot.spinnerWithTooltip(java.lang.String)
DEBUG 2013/09/14 19:51:23,966 [MainThread] (SWTBotBridge.java:122) - 	paramTypeClass=class java.lang.String
DEBUG 2013/09/14 19:51:23,966 [MainThread] (SWTBotBridge.java:120) - method=public org.eclipse.swtbot.swt.finder.widgets.SWTBotSpinner org.eclipse.swtbot.swt.finder.SWTBot.spinnerInGroup(java.lang.String,int)
DEBUG 2013/09/14 19:51:23,966 [MainThread] (SWTBotBridge.java:122) - 	paramTypeClass=class java.lang.String
DEBUG 2013/09/14 19:51:23,967 [MainThread] (SWTBotBridge.java:122) - 	paramTypeClass=int
DEBUG 2013/09/14 19:51:23,967 [MainThread] (SWTBotBridge.java:120) - method=public org.eclipse.swtbot.swt.finder.widgets.SWTBotSpinner org.eclipse.swtbot.swt.finder.SWTBot.spinnerInGroup(java.lang.String,java.lang.String)
DEBUG 2013/09/14 19:51:23,967 [MainThread] (SWTBotBridge.java:122) - 	paramTypeClass=class java.lang.String
DEBUG 2013/09/14 19:51:23,968 [MainThread] (SWTBotBridge.java:122) - 	paramTypeClass=class java.lang.String
DEBUG 2013/09/14 19:51:23,968 [MainThread] (SWTBotBridge.java:120) - method=public org.eclipse.swtbot.swt.finder.widgets.SWTBotSpinner org.eclipse.swtbot.swt.finder.SWTBot.spinnerInGroup(java.lang.String,java.lang.String,int)
DEBUG 2013/09/14 19:51:23,969 [MainThread] (SWTBotBridge.java:122) - 	paramTypeClass=class java.lang.String
DEBUG 2013/09/14 19:51:23,969 [MainThread] (SWTBotBridge.java:122) - 	paramTypeClass=class java.lang.String
DEBUG 2013/09/14 19:51:23,969 [MainThread] (SWTBotBridge.java:122) - 	paramTypeClass=int
DEBUG 2013/09/14 19:51:23,970 [MainThread] (SWTBotBridge.java:120) - method=public org.eclipse.swtbot.swt.finder.widgets.SWTBotSpinner org.eclipse.swtbot.swt.finder.SWTBot.spinnerInGroup(java.lang.String)
DEBUG 2013/09/14 19:51:23,970 [MainThread] (SWTBotBridge.java:122) - 	paramTypeClass=class java.lang.String
DEBUG 2013/09/14 19:51:23,971 [MainThread] (SWTBotBridge.java:120) - method=public org.eclipse.swtbot.swt.finder.widgets.SWTBotStyledText org.eclipse.swtbot.swt.finder.SWTBot.styledTextWithLabel(java.lang.String,int)
DEBUG 2013/09/14 19:51:23,971 [MainThread] (SWTBotBridge.java:122) - 	paramTypeClass=class java.lang.String
DEBUG 2013/09/14 19:51:23,971 [MainThread] (SWTBotBridge.java:122) - 	paramTypeClass=int
DEBUG 2013/09/14 19:51:23,972 [MainThread] (SWTBotBridge.java:120) - method=public org.eclipse.swtbot.swt.finder.widgets.SWTBotStyledText org.eclipse.swtbot.swt.finder.SWTBot.styledTextWithLabel(java.lang.String)
DEBUG 2013/09/14 19:51:23,972 [MainThread] (SWTBotBridge.java:122) - 	paramTypeClass=class java.lang.String
DEBUG 2013/09/14 19:51:23,972 [MainThread] (SWTBotBridge.java:120) - method=public org.eclipse.swtbot.swt.finder.widgets.SWTBotSlider org.eclipse.swtbot.swt.finder.SWTBot.sliderInGroup(java.lang.String,java.lang.String)
DEBUG 2013/09/14 19:51:23,973 [MainThread] (SWTBotBridge.java:122) - 	paramTypeClass=class java.lang.String
DEBUG 2013/09/14 19:51:23,973 [MainThread] (SWTBotBridge.java:122) - 	paramTypeClass=class java.lang.String
DEBUG 2013/09/14 19:51:23,974 [MainThread] (SWTBotBridge.java:120) - method=public org.eclipse.swtbot.swt.finder.widgets.SWTBotSlider org.eclipse.swtbot.swt.finder.SWTBot.sliderInGroup(java.lang.String,java.lang.String,int)
DEBUG 2013/09/14 19:51:23,974 [MainThread] (SWTBotBridge.java:122) - 	paramTypeClass=class java.lang.String
DEBUG 2013/09/14 19:51:23,974 [MainThread] (SWTBotBridge.java:122) - 	paramTypeClass=class java.lang.String
DEBUG 2013/09/14 19:51:23,975 [MainThread] (SWTBotBridge.java:122) - 	paramTypeClass=int
DEBUG 2013/09/14 19:51:23,975 [MainThread] (SWTBotBridge.java:120) - method=public org.eclipse.swtbot.swt.finder.widgets.SWTBotSlider org.eclipse.swtbot.swt.finder.SWTBot.sliderInGroup(java.lang.String,int)
DEBUG 2013/09/14 19:51:23,976 [MainThread] (SWTBotBridge.java:122) - 	paramTypeClass=class java.lang.String
DEBUG 2013/09/14 19:51:23,976 [MainThread] (SWTBotBridge.java:122) - 	paramTypeClass=int
DEBUG 2013/09/14 19:51:23,976 [MainThread] (SWTBotBridge.java:120) - method=public org.eclipse.swtbot.swt.finder.widgets.SWTBotSlider org.eclipse.swtbot.swt.finder.SWTBot.sliderInGroup(java.lang.String)
DEBUG 2013/09/14 19:51:23,977 [MainThread] (SWTBotBridge.java:122) - 	paramTypeClass=class java.lang.String
DEBUG 2013/09/14 19:51:23,977 [MainThread] (SWTBotBridge.java:120) - method=public org.eclipse.swtbot.swt.finder.widgets.SWTBotRadio org.eclipse.swtbot.swt.finder.SWTBot.radioWithLabelInGroup(java.lang.String,java.lang.String)
DEBUG 2013/09/14 19:51:23,977 [MainThread] (SWTBotBridge.java:122) - 	paramTypeClass=class java.lang.String
DEBUG 2013/09/14 19:51:23,978 [MainThread] (SWTBotBridge.java:122) - 	paramTypeClass=class java.lang.String
DEBUG 2013/09/14 19:51:23,978 [MainThread] (SWTBotBridge.java:120) - method=public org.eclipse.swtbot.swt.finder.widgets.SWTBotRadio org.eclipse.swtbot.swt.finder.SWTBot.radioWithLabelInGroup(java.lang.String,java.lang.String,int)
DEBUG 2013/09/14 19:51:23,979 [MainThread] (SWTBotBridge.java:122) - 	paramTypeClass=class java.lang.String
DEBUG 2013/09/14 19:51:23,979 [MainThread] (SWTBotBridge.java:122) - 	paramTypeClass=class java.lang.String
DEBUG 2013/09/14 19:51:23,979 [MainThread] (SWTBotBridge.java:122) - 	paramTypeClass=int
DEBUG 2013/09/14 19:51:23,980 [MainThread] (SWTBotBridge.java:120) - method=public org.eclipse.swtbot.swt.finder.widgets.SWTBotTabItem org.eclipse.swtbot.swt.finder.SWTBot.tabItemInGroup(java.lang.String,java.lang.String,int)
DEBUG 2013/09/14 19:51:23,980 [MainThread] (SWTBotBridge.java:122) - 	paramTypeClass=class java.lang.String
DEBUG 2013/09/14 19:51:23,981 [MainThread] (SWTBotBridge.java:122) - 	paramTypeClass=class java.lang.String
DEBUG 2013/09/14 19:51:23,981 [MainThread] (SWTBotBridge.java:122) - 	paramTypeClass=int
DEBUG 2013/09/14 19:51:23,981 [MainThread] (SWTBotBridge.java:120) - method=public org.eclipse.swtbot.swt.finder.widgets.SWTBotTabItem org.eclipse.swtbot.swt.finder.SWTBot.tabItemInGroup(java.lang.String)
DEBUG 2013/09/14 19:51:23,982 [MainThread] (SWTBotBridge.java:122) - 	paramTypeClass=class java.lang.String
DEBUG 2013/09/14 19:51:23,982 [MainThread] (SWTBotBridge.java:120) - method=public org.eclipse.swtbot.swt.finder.widgets.SWTBotTabItem org.eclipse.swtbot.swt.finder.SWTBot.tabItemInGroup(java.lang.String,int)
DEBUG 2013/09/14 19:51:23,982 [MainThread] (SWTBotBridge.java:122) - 	paramTypeClass=class java.lang.String
DEBUG 2013/09/14 19:51:23,983 [MainThread] (SWTBotBridge.java:122) - 	paramTypeClass=int
DEBUG 2013/09/14 19:51:23,983 [MainThread] (SWTBotBridge.java:120) - method=public org.eclipse.swtbot.swt.finder.widgets.SWTBotTabItem org.eclipse.swtbot.swt.finder.SWTBot.tabItemInGroup(java.lang.String,java.lang.String)
DEBUG 2013/09/14 19:51:23,984 [MainThread] (SWTBotBridge.java:122) - 	paramTypeClass=class java.lang.String
DEBUG 2013/09/14 19:51:23,984 [MainThread] (SWTBotBridge.java:122) - 	paramTypeClass=class java.lang.String
DEBUG 2013/09/14 19:51:23,984 [MainThread] (SWTBotBridge.java:120) - method=public org.eclipse.swtbot.swt.finder.widgets.SWTBotToolbarButton org.eclipse.swtbot.swt.finder.SWTBot.toolbarButtonWithTooltip(java.lang.String)
DEBUG 2013/09/14 19:51:23,985 [MainThread] (SWTBotBridge.java:122) - 	paramTypeClass=class java.lang.String
DEBUG 2013/09/14 19:51:23,985 [MainThread] (SWTBotBridge.java:120) - method=public org.eclipse.swtbot.swt.finder.widgets.SWTBotToolbarButton org.eclipse.swtbot.swt.finder.SWTBot.toolbarButtonWithTooltip(java.lang.String,int)
DEBUG 2013/09/14 19:51:23,985 [MainThread] (SWTBotBridge.java:122) - 	paramTypeClass=class java.lang.String
DEBUG 2013/09/14 19:51:23,986 [MainThread] (SWTBotBridge.java:122) - 	paramTypeClass=int
DEBUG 2013/09/14 19:51:23,986 [MainThread] (SWTBotBridge.java:120) - method=public org.eclipse.swtbot.swt.finder.widgets.SWTBotToggleButton org.eclipse.swtbot.swt.finder.SWTBot.toggleButtonWithLabel(java.lang.String,int)
DEBUG 2013/09/14 19:51:23,987 [MainThread] (SWTBotBridge.java:122) - 	paramTypeClass=class java.lang.String
DEBUG 2013/09/14 19:51:23,987 [MainThread] (SWTBotBridge.java:122) - 	paramTypeClass=int
DEBUG 2013/09/14 19:51:23,987 [MainThread] (SWTBotBridge.java:120) - method=public org.eclipse.swtbot.swt.finder.widgets.SWTBotToggleButton org.eclipse.swtbot.swt.finder.SWTBot.toggleButtonWithLabel(java.lang.String)
DEBUG 2013/09/14 19:51:23,988 [MainThread] (SWTBotBridge.java:122) - 	paramTypeClass=class java.lang.String
DEBUG 2013/09/14 19:51:23,988 [MainThread] (SWTBotBridge.java:120) - method=public org.eclipse.swtbot.swt.finder.widgets.SWTBotTree org.eclipse.swtbot.swt.finder.SWTBot.treeWithLabelInGroup(java.lang.String,java.lang.String,int)
DEBUG 2013/09/14 19:51:23,989 [MainThread] (SWTBotBridge.java:122) - 	paramTypeClass=class java.lang.String
DEBUG 2013/09/14 19:51:23,989 [MainThread] (SWTBotBridge.java:122) - 	paramTypeClass=class java.lang.String
DEBUG 2013/09/14 19:51:23,989 [MainThread] (SWTBotBridge.java:122) - 	paramTypeClass=int
DEBUG 2013/09/14 19:51:23,990 [MainThread] (SWTBotBridge.java:120) - method=public org.eclipse.swtbot.swt.finder.widgets.SWTBotTree org.eclipse.swtbot.swt.finder.SWTBot.treeWithLabelInGroup(java.lang.String,java.lang.String)
DEBUG 2013/09/14 19:51:23,990 [MainThread] (SWTBotBridge.java:122) - 	paramTypeClass=class java.lang.String
DEBUG 2013/09/14 19:51:23,990 [MainThread] (SWTBotBridge.java:122) - 	paramTypeClass=class java.lang.String
DEBUG 2013/09/14 19:51:23,991 [MainThread] (SWTBotBridge.java:120) - method=public org.eclipse.swtbot.swt.finder.widgets.SWTBotText org.eclipse.swtbot.swt.finder.SWTBot.textWithTooltip(java.lang.String,int)
DEBUG 2013/09/14 19:51:23,991 [MainThread] (SWTBotBridge.java:122) - 	paramTypeClass=class java.lang.String
DEBUG 2013/09/14 19:51:23,992 [MainThread] (SWTBotBridge.java:122) - 	paramTypeClass=int
DEBUG 2013/09/14 19:51:23,992 [MainThread] (SWTBotBridge.java:120) - method=public org.eclipse.swtbot.swt.finder.widgets.SWTBotText org.eclipse.swtbot.swt.finder.SWTBot.textWithTooltip(java.lang.String)
DEBUG 2013/09/14 19:51:23,992 [MainThread] (SWTBotBridge.java:122) - 	paramTypeClass=class java.lang.String
DEBUG 2013/09/14 19:51:23,993 [MainThread] (SWTBotBridge.java:120) - method=public org.eclipse.swtbot.swt.finder.widgets.SWTBotToolbarButton org.eclipse.swtbot.swt.finder.SWTBot.toolbarButtonWithId(java.lang.String,java.lang.String,int)
DEBUG 2013/09/14 19:51:23,993 [MainThread] (SWTBotBridge.java:122) - 	paramTypeClass=class java.lang.String
DEBUG 2013/09/14 19:51:23,993 [MainThread] (SWTBotBridge.java:122) - 	paramTypeClass=class java.lang.String
DEBUG 2013/09/14 19:51:23,994 [MainThread] (SWTBotBridge.java:122) - 	paramTypeClass=int
DEBUG 2013/09/14 19:51:23,994 [MainThread] (SWTBotBridge.java:120) - method=public org.eclipse.swtbot.swt.finder.widgets.SWTBotToolbarButton org.eclipse.swtbot.swt.finder.SWTBot.toolbarButtonWithId(java.lang.String,int)
DEBUG 2013/09/14 19:51:23,995 [MainThread] (SWTBotBridge.java:122) - 	paramTypeClass=class java.lang.String
DEBUG 2013/09/14 19:51:23,995 [MainThread] (SWTBotBridge.java:122) - 	paramTypeClass=int
DEBUG 2013/09/14 19:51:23,995 [MainThread] (SWTBotBridge.java:120) - method=public org.eclipse.swtbot.swt.finder.widgets.SWTBotToolbarButton org.eclipse.swtbot.swt.finder.SWTBot.toolbarButtonWithId(java.lang.String)
DEBUG 2013/09/14 19:51:23,996 [MainThread] (SWTBotBridge.java:122) - 	paramTypeClass=class java.lang.String
DEBUG 2013/09/14 19:51:23,996 [MainThread] (SWTBotBridge.java:120) - method=public org.eclipse.swtbot.swt.finder.widgets.SWTBotToolbarButton org.eclipse.swtbot.swt.finder.SWTBot.toolbarButtonWithId(java.lang.String,java.lang.String)
DEBUG 2013/09/14 19:51:23,997 [MainThread] (SWTBotBridge.java:122) - 	paramTypeClass=class java.lang.String
DEBUG 2013/09/14 19:51:23,997 [MainThread] (SWTBotBridge.java:122) - 	paramTypeClass=class java.lang.String
DEBUG 2013/09/14 19:51:23,997 [MainThread] (SWTBotBridge.java:120) - method=public org.eclipse.swtbot.swt.finder.widgets.SWTBotToolbarDropDownButton org.eclipse.swtbot.swt.finder.SWTBot.toolbarDropDownButtonInGroup(java.lang.String,java.lang.String,int)
DEBUG 2013/09/14 19:51:23,998 [MainThread] (SWTBotBridge.java:122) - 	paramTypeClass=class java.lang.String
DEBUG 2013/09/14 19:51:23,998 [MainThread] (SWTBotBridge.java:122) - 	paramTypeClass=class java.lang.String
DEBUG 2013/09/14 19:51:23,998 [MainThread] (SWTBotBridge.java:122) - 	paramTypeClass=int
DEBUG 2013/09/14 19:51:23,999 [MainThread] (SWTBotBridge.java:120) - method=public org.eclipse.swtbot.swt.finder.widgets.SWTBotToolbarDropDownButton org.eclipse.swtbot.swt.finder.SWTBot.toolbarDropDownButtonInGroup(java.lang.String)
DEBUG 2013/09/14 19:51:23,999 [MainThread] (SWTBotBridge.java:122) - 	paramTypeClass=class java.lang.String
DEBUG 2013/09/14 19:51:24,000 [MainThread] (SWTBotBridge.java:120) - method=public org.eclipse.swtbot.swt.finder.widgets.SWTBotToolbarDropDownButton org.eclipse.swtbot.swt.finder.SWTBot.toolbarDropDownButtonInGroup(java.lang.String,int)
DEBUG 2013/09/14 19:51:24,000 [MainThread] (SWTBotBridge.java:122) - 	paramTypeClass=class java.lang.String
DEBUG 2013/09/14 19:51:24,001 [MainThread] (SWTBotBridge.java:122) - 	paramTypeClass=int
DEBUG 2013/09/14 19:51:24,001 [MainThread] (SWTBotBridge.java:120) - method=public org.eclipse.swtbot.swt.finder.widgets.SWTBotToolbarDropDownButton org.eclipse.swtbot.swt.finder.SWTBot.toolbarDropDownButtonInGroup(java.lang.String,java.lang.String)
DEBUG 2013/09/14 19:51:24,001 [MainThread] (SWTBotBridge.java:122) - 	paramTypeClass=class java.lang.String
DEBUG 2013/09/14 19:51:24,002 [MainThread] (SWTBotBridge.java:122) - 	paramTypeClass=class java.lang.String
DEBUG 2013/09/14 19:51:24,002 [MainThread] (SWTBotBridge.java:120) - method=public org.eclipse.swtbot.swt.finder.widgets.SWTBotText org.eclipse.swtbot.swt.finder.SWTBot.textWithLabel(java.lang.String,int)
DEBUG 2013/09/14 19:51:24,002 [MainThread] (SWTBotBridge.java:122) - 	paramTypeClass=class java.lang.String
DEBUG 2013/09/14 19:51:24,003 [MainThread] (SWTBotBridge.java:122) - 	paramTypeClass=int
DEBUG 2013/09/14 19:51:24,003 [MainThread] (SWTBotBridge.java:120) - method=public org.eclipse.swtbot.swt.finder.widgets.SWTBotText org.eclipse.swtbot.swt.finder.SWTBot.textWithLabel(java.lang.String)
DEBUG 2013/09/14 19:51:24,004 [MainThread] (SWTBotBridge.java:122) - 	paramTypeClass=class java.lang.String
DEBUG 2013/09/14 19:51:24,004 [MainThread] (SWTBotBridge.java:120) - method=public org.eclipse.swtbot.swt.finder.widgets.SWTBotText org.eclipse.swtbot.swt.finder.SWTBot.textWithTooltipInGroup(java.lang.String,java.lang.String,int)
DEBUG 2013/09/14 19:51:24,004 [MainThread] (SWTBotBridge.java:122) - 	paramTypeClass=class java.lang.String
DEBUG 2013/09/14 19:51:24,005 [MainThread] (SWTBotBridge.java:122) - 	paramTypeClass=class java.lang.String
DEBUG 2013/09/14 19:51:24,005 [MainThread] (SWTBotBridge.java:122) - 	paramTypeClass=int
DEBUG 2013/09/14 19:51:24,006 [MainThread] (SWTBotBridge.java:120) - method=public org.eclipse.swtbot.swt.finder.widgets.SWTBotText org.eclipse.swtbot.swt.finder.SWTBot.textWithTooltipInGroup(java.lang.String,java.lang.String)
DEBUG 2013/09/14 19:51:24,006 [MainThread] (SWTBotBridge.java:122) - 	paramTypeClass=class java.lang.String
DEBUG 2013/09/14 19:51:24,006 [MainThread] (SWTBotBridge.java:122) - 	paramTypeClass=class java.lang.String
DEBUG 2013/09/14 19:51:24,007 [MainThread] (SWTBotBridge.java:120) - method=public org.eclipse.swtbot.swt.finder.widgets.SWTBotToggleButton org.eclipse.swtbot.swt.finder.SWTBot.toggleButtonWithTooltip(java.lang.String,int)
DEBUG 2013/09/14 19:51:24,007 [MainThread] (SWTBotBridge.java:122) - 	paramTypeClass=class java.lang.String
DEBUG 2013/09/14 19:51:24,007 [MainThread] (SWTBotBridge.java:122) - 	paramTypeClass=int
DEBUG 2013/09/14 19:51:24,008 [MainThread] (SWTBotBridge.java:120) - method=public org.eclipse.swtbot.swt.finder.widgets.SWTBotToggleButton org.eclipse.swtbot.swt.finder.SWTBot.toggleButtonWithTooltip(java.lang.String)
DEBUG 2013/09/14 19:51:24,008 [MainThread] (SWTBotBridge.java:122) - 	paramTypeClass=class java.lang.String
DEBUG 2013/09/14 19:51:24,009 [MainThread] (SWTBotBridge.java:120) - method=public org.eclipse.swtbot.swt.finder.widgets.SWTBotTree org.eclipse.swtbot.swt.finder.SWTBot.treeWithLabel(java.lang.String)
DEBUG 2013/09/14 19:51:24,009 [MainThread] (SWTBotBridge.java:122) - 	paramTypeClass=class java.lang.String
DEBUG 2013/09/14 19:51:24,009 [MainThread] (SWTBotBridge.java:120) - method=public org.eclipse.swtbot.swt.finder.widgets.SWTBotTree org.eclipse.swtbot.swt.finder.SWTBot.treeWithLabel(java.lang.String,int)
DEBUG 2013/09/14 19:51:24,010 [MainThread] (SWTBotBridge.java:122) - 	paramTypeClass=class java.lang.String
DEBUG 2013/09/14 19:51:24,010 [MainThread] (SWTBotBridge.java:122) - 	paramTypeClass=int
DEBUG 2013/09/14 19:51:24,010 [MainThread] (SWTBotBridge.java:120) - method=public org.eclipse.swtbot.swt.finder.widgets.SWTBotToolbarDropDownButton org.eclipse.swtbot.swt.finder.SWTBot.toolbarDropDownButtonWithId(java.lang.String,java.lang.String)
DEBUG 2013/09/14 19:51:24,011 [MainThread] (SWTBotBridge.java:122) - 	paramTypeClass=class java.lang.String
DEBUG 2013/09/14 19:51:24,011 [MainThread] (SWTBotBridge.java:122) - 	paramTypeClass=class java.lang.String
DEBUG 2013/09/14 19:51:24,012 [MainThread] (SWTBotBridge.java:120) - method=public org.eclipse.swtbot.swt.finder.widgets.SWTBotToolbarDropDownButton org.eclipse.swtbot.swt.finder.SWTBot.toolbarDropDownButtonWithId(java.lang.String,int)
DEBUG 2013/09/14 19:51:24,012 [MainThread] (SWTBotBridge.java:122) - 	paramTypeClass=class java.lang.String
DEBUG 2013/09/14 19:51:24,012 [MainThread] (SWTBotBridge.java:122) - 	paramTypeClass=int
DEBUG 2013/09/14 19:51:24,013 [MainThread] (SWTBotBridge.java:120) - method=public org.eclipse.swtbot.swt.finder.widgets.SWTBotToolbarDropDownButton org.eclipse.swtbot.swt.finder.SWTBot.toolbarDropDownButtonWithId(java.lang.String,java.lang.String,int)
DEBUG 2013/09/14 19:51:24,013 [MainThread] (SWTBotBridge.java:122) - 	paramTypeClass=class java.lang.String
DEBUG 2013/09/14 19:51:24,014 [MainThread] (SWTBotBridge.java:122) - 	paramTypeClass=class java.lang.String
DEBUG 2013/09/14 19:51:24,014 [MainThread] (SWTBotBridge.java:122) - 	paramTypeClass=int
DEBUG 2013/09/14 19:51:24,014 [MainThread] (SWTBotBridge.java:120) - method=public org.eclipse.swtbot.swt.finder.widgets.SWTBotToolbarDropDownButton org.eclipse.swtbot.swt.finder.SWTBot.toolbarDropDownButtonWithId(java.lang.String)
DEBUG 2013/09/14 19:51:24,015 [MainThread] (SWTBotBridge.java:122) - 	paramTypeClass=class java.lang.String
DEBUG 2013/09/14 19:51:24,015 [MainThread] (SWTBotBridge.java:120) - method=public org.eclipse.swtbot.swt.finder.widgets.SWTBotToolbarToggleButton org.eclipse.swtbot.swt.finder.SWTBot.toolbarToggleButtonInGroup(java.lang.String)
DEBUG 2013/09/14 19:51:24,015 [MainThread] (SWTBotBridge.java:122) - 	paramTypeClass=class java.lang.String
DEBUG 2013/09/14 19:51:24,016 [MainThread] (SWTBotBridge.java:120) - method=public org.eclipse.swtbot.swt.finder.widgets.SWTBotToolbarToggleButton org.eclipse.swtbot.swt.finder.SWTBot.toolbarToggleButtonInGroup(java.lang.String,java.lang.String,int)
DEBUG 2013/09/14 19:51:24,016 [MainThread] (SWTBotBridge.java:122) - 	paramTypeClass=class java.lang.String
DEBUG 2013/09/14 19:51:24,017 [MainThread] (SWTBotBridge.java:122) - 	paramTypeClass=class java.lang.String
DEBUG 2013/09/14 19:51:24,017 [MainThread] (SWTBotBridge.java:122) - 	paramTypeClass=int
DEBUG 2013/09/14 19:51:24,017 [MainThread] (SWTBotBridge.java:120) - method=public org.eclipse.swtbot.swt.finder.widgets.SWTBotToolbarToggleButton org.eclipse.swtbot.swt.finder.SWTBot.toolbarToggleButtonInGroup(java.lang.String,int)
DEBUG 2013/09/14 19:51:24,018 [MainThread] (SWTBotBridge.java:122) - 	paramTypeClass=class java.lang.String
DEBUG 2013/09/14 19:51:24,018 [MainThread] (SWTBotBridge.java:122) - 	paramTypeClass=int
DEBUG 2013/09/14 19:51:24,019 [MainThread] (SWTBotBridge.java:120) - method=public org.eclipse.swtbot.swt.finder.widgets.SWTBotToolbarToggleButton org.eclipse.swtbot.swt.finder.SWTBot.toolbarToggleButtonInGroup(java.lang.String,java.lang.String)
DEBUG 2013/09/14 19:51:24,019 [MainThread] (SWTBotBridge.java:122) - 	paramTypeClass=class java.lang.String
DEBUG 2013/09/14 19:51:24,019 [MainThread] (SWTBotBridge.java:122) - 	paramTypeClass=class java.lang.String
DEBUG 2013/09/14 19:51:24,020 [MainThread] (SWTBotBridge.java:120) - method=public org.eclipse.swtbot.swt.finder.widgets.SWTBotToolbarToggleButton org.eclipse.swtbot.swt.finder.SWTBot.toolbarToggleButtonWithId(java.lang.String,java.lang.String,int)
DEBUG 2013/09/14 19:51:24,020 [MainThread] (SWTBotBridge.java:122) - 	paramTypeClass=class java.lang.String
DEBUG 2013/09/14 19:51:24,021 [MainThread] (SWTBotBridge.java:122) - 	paramTypeClass=class java.lang.String
DEBUG 2013/09/14 19:51:24,021 [MainThread] (SWTBotBridge.java:122) - 	paramTypeClass=int
DEBUG 2013/09/14 19:51:24,021 [MainThread] (SWTBotBridge.java:120) - method=public org.eclipse.swtbot.swt.finder.widgets.SWTBotToolbarToggleButton org.eclipse.swtbot.swt.finder.SWTBot.toolbarToggleButtonWithId(java.lang.String,java.lang.String)
DEBUG 2013/09/14 19:51:24,022 [MainThread] (SWTBotBridge.java:122) - 	paramTypeClass=class java.lang.String
DEBUG 2013/09/14 19:51:24,022 [MainThread] (SWTBotBridge.java:122) - 	paramTypeClass=class java.lang.String
DEBUG 2013/09/14 19:51:24,023 [MainThread] (SWTBotBridge.java:120) - method=public org.eclipse.swtbot.swt.finder.widgets.SWTBotToolbarToggleButton org.eclipse.swtbot.swt.finder.SWTBot.toolbarToggleButtonWithId(java.lang.String)
DEBUG 2013/09/14 19:51:24,023 [MainThread] (SWTBotBridge.java:122) - 	paramTypeClass=class java.lang.String
DEBUG 2013/09/14 19:51:24,023 [MainThread] (SWTBotBridge.java:120) - method=public org.eclipse.swtbot.swt.finder.widgets.SWTBotToolbarToggleButton org.eclipse.swtbot.swt.finder.SWTBot.toolbarToggleButtonWithId(java.lang.String,int)
DEBUG 2013/09/14 19:51:24,024 [MainThread] (SWTBotBridge.java:122) - 	paramTypeClass=class java.lang.String
DEBUG 2013/09/14 19:51:24,024 [MainThread] (SWTBotBridge.java:122) - 	paramTypeClass=int
DEBUG 2013/09/14 19:51:24,025 [MainThread] (SWTBotBridge.java:120) - method=public org.eclipse.swtbot.swt.finder.widgets.SWTBotToggleButton org.eclipse.swtbot.swt.finder.SWTBot.toggleButtonWithLabelInGroup(java.lang.String,java.lang.String)
DEBUG 2013/09/14 19:51:24,025 [MainThread] (SWTBotBridge.java:122) - 	paramTypeClass=class java.lang.String
DEBUG 2013/09/14 19:51:24,025 [MainThread] (SWTBotBridge.java:122) - 	paramTypeClass=class java.lang.String
DEBUG 2013/09/14 19:51:24,026 [MainThread] (SWTBotBridge.java:120) - method=public org.eclipse.swtbot.swt.finder.widgets.SWTBotToggleButton org.eclipse.swtbot.swt.finder.SWTBot.toggleButtonWithLabelInGroup(java.lang.String,java.lang.String,int)
DEBUG 2013/09/14 19:51:24,026 [MainThread] (SWTBotBridge.java:122) - 	paramTypeClass=class java.lang.String
DEBUG 2013/09/14 19:51:24,027 [MainThread] (SWTBotBridge.java:122) - 	paramTypeClass=class java.lang.String
DEBUG 2013/09/14 19:51:24,027 [MainThread] (SWTBotBridge.java:122) - 	paramTypeClass=int
DEBUG 2013/09/14 19:51:24,027 [MainThread] (SWTBotBridge.java:120) - method=public org.eclipse.swtbot.swt.finder.widgets.SWTBotText org.eclipse.swtbot.swt.finder.SWTBot.textWithLabelInGroup(java.lang.String,java.lang.String,int)
DEBUG 2013/09/14 19:51:24,028 [MainThread] (SWTBotBridge.java:122) - 	paramTypeClass=class java.lang.String
DEBUG 2013/09/14 19:51:24,028 [MainThread] (SWTBotBridge.java:122) - 	paramTypeClass=class java.lang.String
DEBUG 2013/09/14 19:51:24,028 [MainThread] (SWTBotBridge.java:122) - 	paramTypeClass=int
DEBUG 2013/09/14 19:51:24,029 [MainThread] (SWTBotBridge.java:120) - method=public org.eclipse.swtbot.swt.finder.widgets.SWTBotText org.eclipse.swtbot.swt.finder.SWTBot.textWithLabelInGroup(java.lang.String,java.lang.String)
DEBUG 2013/09/14 19:51:24,029 [MainThread] (SWTBotBridge.java:122) - 	paramTypeClass=class java.lang.String
DEBUG 2013/09/14 19:51:24,030 [MainThread] (SWTBotBridge.java:122) - 	paramTypeClass=class java.lang.String
DEBUG 2013/09/14 19:51:24,030 [MainThread] (SWTBotBridge.java:120) - method=public org.eclipse.swtbot.swt.finder.widgets.SWTBotToolbarButton org.eclipse.swtbot.swt.finder.SWTBot.toolbarButtonInGroup(java.lang.String,int)
DEBUG 2013/09/14 19:51:24,030 [MainThread] (SWTBotBridge.java:122) - 	paramTypeClass=class java.lang.String
DEBUG 2013/09/14 19:51:24,031 [MainThread] (SWTBotBridge.java:122) - 	paramTypeClass=int
DEBUG 2013/09/14 19:51:24,031 [MainThread] (SWTBotBridge.java:120) - method=public org.eclipse.swtbot.swt.finder.widgets.SWTBotToolbarButton org.eclipse.swtbot.swt.finder.SWTBot.toolbarButtonInGroup(java.lang.String,java.lang.String,int)
DEBUG 2013/09/14 19:51:24,031 [MainThread] (SWTBotBridge.java:122) - 	paramTypeClass=class java.lang.String
DEBUG 2013/09/14 19:51:24,032 [MainThread] (SWTBotBridge.java:122) - 	paramTypeClass=class java.lang.String
DEBUG 2013/09/14 19:51:24,032 [MainThread] (SWTBotBridge.java:122) - 	paramTypeClass=int
DEBUG 2013/09/14 19:51:24,033 [MainThread] (SWTBotBridge.java:120) - method=public org.eclipse.swtbot.swt.finder.widgets.SWTBotToolbarButton org.eclipse.swtbot.swt.finder.SWTBot.toolbarButtonInGroup(java.lang.String)
DEBUG 2013/09/14 19:51:24,033 [MainThread] (SWTBotBridge.java:122) - 	paramTypeClass=class java.lang.String
DEBUG 2013/09/14 19:51:24,033 [MainThread] (SWTBotBridge.java:120) - method=public org.eclipse.swtbot.swt.finder.widgets.SWTBotToolbarButton org.eclipse.swtbot.swt.finder.SWTBot.toolbarButtonInGroup(java.lang.String,java.lang.String)
DEBUG 2013/09/14 19:51:24,034 [MainThread] (SWTBotBridge.java:122) - 	paramTypeClass=class java.lang.String
DEBUG 2013/09/14 19:51:24,034 [MainThread] (SWTBotBridge.java:122) - 	paramTypeClass=class java.lang.String
DEBUG 2013/09/14 19:51:24,035 [MainThread] (SWTBotBridge.java:120) - method=public org.eclipse.swtbot.swt.finder.widgets.SWTBotToolbarRadioButton org.eclipse.swtbot.swt.finder.SWTBot.toolbarRadioButtonInGroup(java.lang.String,java.lang.String)
DEBUG 2013/09/14 19:51:24,035 [MainThread] (SWTBotBridge.java:122) - 	paramTypeClass=class java.lang.String
DEBUG 2013/09/14 19:51:24,035 [MainThread] (SWTBotBridge.java:122) - 	paramTypeClass=class java.lang.String
DEBUG 2013/09/14 19:51:24,036 [MainThread] (SWTBotBridge.java:120) - method=public org.eclipse.swtbot.swt.finder.widgets.SWTBotToolbarRadioButton org.eclipse.swtbot.swt.finder.SWTBot.toolbarRadioButtonInGroup(java.lang.String)
DEBUG 2013/09/14 19:51:24,036 [MainThread] (SWTBotBridge.java:122) - 	paramTypeClass=class java.lang.String
DEBUG 2013/09/14 19:51:24,036 [MainThread] (SWTBotBridge.java:120) - method=public org.eclipse.swtbot.swt.finder.widgets.SWTBotToolbarRadioButton org.eclipse.swtbot.swt.finder.SWTBot.toolbarRadioButtonInGroup(java.lang.String,java.lang.String,int)
DEBUG 2013/09/14 19:51:24,037 [MainThread] (SWTBotBridge.java:122) - 	paramTypeClass=class java.lang.String
DEBUG 2013/09/14 19:51:24,037 [MainThread] (SWTBotBridge.java:122) - 	paramTypeClass=class java.lang.String
DEBUG 2013/09/14 19:51:24,038 [MainThread] (SWTBotBridge.java:122) - 	paramTypeClass=int
DEBUG 2013/09/14 19:51:24,038 [MainThread] (SWTBotBridge.java:120) - method=public org.eclipse.swtbot.swt.finder.widgets.SWTBotToolbarRadioButton org.eclipse.swtbot.swt.finder.SWTBot.toolbarRadioButtonInGroup(java.lang.String,int)
DEBUG 2013/09/14 19:51:24,038 [MainThread] (SWTBotBridge.java:122) - 	paramTypeClass=class java.lang.String
DEBUG 2013/09/14 19:51:24,039 [MainThread] (SWTBotBridge.java:122) - 	paramTypeClass=int
DEBUG 2013/09/14 19:51:24,039 [MainThread] (SWTBotBridge.java:120) - method=public org.eclipse.swtbot.swt.finder.widgets.SWTBotToggleButton org.eclipse.swtbot.swt.finder.SWTBot.toggleButtonInGroup(java.lang.String,java.lang.String,int)
DEBUG 2013/09/14 19:51:24,039 [MainThread] (SWTBotBridge.java:122) - 	paramTypeClass=class java.lang.String
DEBUG 2013/09/14 19:51:24,040 [MainThread] (SWTBotBridge.java:122) - 	paramTypeClass=class java.lang.String
DEBUG 2013/09/14 19:51:24,040 [MainThread] (SWTBotBridge.java:122) - 	paramTypeClass=int
DEBUG 2013/09/14 19:51:24,041 [MainThread] (SWTBotBridge.java:120) - method=public org.eclipse.swtbot.swt.finder.widgets.SWTBotToggleButton org.eclipse.swtbot.swt.finder.SWTBot.toggleButtonInGroup(java.lang.String,int)
DEBUG 2013/09/14 19:51:24,041 [MainThread] (SWTBotBridge.java:122) - 	paramTypeClass=class java.lang.String
DEBUG 2013/09/14 19:51:24,042 [MainThread] (SWTBotBridge.java:122) - 	paramTypeClass=int
DEBUG 2013/09/14 19:51:24,042 [MainThread] (SWTBotBridge.java:120) - method=public org.eclipse.swtbot.swt.finder.widgets.SWTBotToggleButton org.eclipse.swtbot.swt.finder.SWTBot.toggleButtonInGroup(java.lang.String,java.lang.String)
DEBUG 2013/09/14 19:51:24,042 [MainThread] (SWTBotBridge.java:122) - 	paramTypeClass=class java.lang.String
DEBUG 2013/09/14 19:51:24,043 [MainThread] (SWTBotBridge.java:122) - 	paramTypeClass=class java.lang.String
DEBUG 2013/09/14 19:51:24,043 [MainThread] (SWTBotBridge.java:120) - method=public org.eclipse.swtbot.swt.finder.widgets.SWTBotToggleButton org.eclipse.swtbot.swt.finder.SWTBot.toggleButtonInGroup(java.lang.String)
DEBUG 2013/09/14 19:51:24,043 [MainThread] (SWTBotBridge.java:122) - 	paramTypeClass=class java.lang.String
DEBUG 2013/09/14 19:51:24,044 [MainThread] (SWTBotBridge.java:120) - method=public org.eclipse.swtbot.swt.finder.widgets.SWTBotToolbarRadioButton org.eclipse.swtbot.swt.finder.SWTBot.toolbarRadioButtonWithId(java.lang.String,java.lang.String,int)
DEBUG 2013/09/14 19:51:24,044 [MainThread] (SWTBotBridge.java:122) - 	paramTypeClass=class java.lang.String
DEBUG 2013/09/14 19:51:24,045 [MainThread] (SWTBotBridge.java:122) - 	paramTypeClass=class java.lang.String
DEBUG 2013/09/14 19:51:24,045 [MainThread] (SWTBotBridge.java:122) - 	paramTypeClass=int
DEBUG 2013/09/14 19:51:24,045 [MainThread] (SWTBotBridge.java:120) - method=public org.eclipse.swtbot.swt.finder.widgets.SWTBotToolbarRadioButton org.eclipse.swtbot.swt.finder.SWTBot.toolbarRadioButtonWithId(java.lang.String)
DEBUG 2013/09/14 19:51:24,046 [MainThread] (SWTBotBridge.java:122) - 	paramTypeClass=class java.lang.String
DEBUG 2013/09/14 19:51:24,046 [MainThread] (SWTBotBridge.java:120) - method=public org.eclipse.swtbot.swt.finder.widgets.SWTBotToolbarRadioButton org.eclipse.swtbot.swt.finder.SWTBot.toolbarRadioButtonWithId(java.lang.String,java.lang.String)
DEBUG 2013/09/14 19:51:24,047 [MainThread] (SWTBotBridge.java:122) - 	paramTypeClass=class java.lang.String
DEBUG 2013/09/14 19:51:24,047 [MainThread] (SWTBotBridge.java:122) - 	paramTypeClass=class java.lang.String
DEBUG 2013/09/14 19:51:24,047 [MainThread] (SWTBotBridge.java:120) - method=public org.eclipse.swtbot.swt.finder.widgets.SWTBotToolbarRadioButton org.eclipse.swtbot.swt.finder.SWTBot.toolbarRadioButtonWithId(java.lang.String,int)
DEBUG 2013/09/14 19:51:24,048 [MainThread] (SWTBotBridge.java:122) - 	paramTypeClass=class java.lang.String
DEBUG 2013/09/14 19:51:24,048 [MainThread] (SWTBotBridge.java:122) - 	paramTypeClass=int
DEBUG 2013/09/14 19:51:24,049 [MainThread] (SWTBotBridge.java:120) - method=public org.eclipse.swtbot.swt.finder.widgets.SWTBotToggleButton org.eclipse.swtbot.swt.finder.SWTBot.toggleButtonWithId(java.lang.String,int)
DEBUG 2013/09/14 19:51:24,049 [MainThread] (SWTBotBridge.java:122) - 	paramTypeClass=class java.lang.String
DEBUG 2013/09/14 19:51:24,049 [MainThread] (SWTBotBridge.java:122) - 	paramTypeClass=int
DEBUG 2013/09/14 19:51:24,050 [MainThread] (SWTBotBridge.java:120) - method=public org.eclipse.swtbot.swt.finder.widgets.SWTBotToggleButton org.eclipse.swtbot.swt.finder.SWTBot.toggleButtonWithId(java.lang.String)
DEBUG 2013/09/14 19:51:24,050 [MainThread] (SWTBotBridge.java:122) - 	paramTypeClass=class java.lang.String
DEBUG 2013/09/14 19:51:24,051 [MainThread] (SWTBotBridge.java:120) - method=public org.eclipse.swtbot.swt.finder.widgets.SWTBotToggleButton org.eclipse.swtbot.swt.finder.SWTBot.toggleButtonWithId(java.lang.String,java.lang.String)
DEBUG 2013/09/14 19:51:24,051 [MainThread] (SWTBotBridge.java:122) - 	paramTypeClass=class java.lang.String
DEBUG 2013/09/14 19:51:24,051 [MainThread] (SWTBotBridge.java:122) - 	paramTypeClass=class java.lang.String
DEBUG 2013/09/14 19:51:24,052 [MainThread] (SWTBotBridge.java:120) - method=public org.eclipse.swtbot.swt.finder.widgets.SWTBotToggleButton org.eclipse.swtbot.swt.finder.SWTBot.toggleButtonWithId(java.lang.String,java.lang.String,int)
DEBUG 2013/09/14 19:51:24,052 [MainThread] (SWTBotBridge.java:122) - 	paramTypeClass=class java.lang.String
DEBUG 2013/09/14 19:51:24,053 [MainThread] (SWTBotBridge.java:122) - 	paramTypeClass=class java.lang.String
DEBUG 2013/09/14 19:51:24,053 [MainThread] (SWTBotBridge.java:122) - 	paramTypeClass=int
DEBUG 2013/09/14 19:51:24,053 [MainThread] (SWTBotBridge.java:120) - method=public org.eclipse.swtbot.swt.finder.widgets.SWTBotExpandBar org.eclipse.swtbot.swt.finder.SWTBot.expandBar(int)
DEBUG 2013/09/14 19:51:24,054 [MainThread] (SWTBotBridge.java:122) - 	paramTypeClass=int
DEBUG 2013/09/14 19:51:24,054 [MainThread] (SWTBotBridge.java:120) - method=public org.eclipse.swtbot.swt.finder.widgets.SWTBotExpandBar org.eclipse.swtbot.swt.finder.SWTBot.expandBar()
DEBUG 2013/09/14 19:51:24,054 [MainThread] (SWTBotBridge.java:120) - method=public org.eclipse.swtbot.swt.finder.widgets.SWTBotScale org.eclipse.swtbot.swt.finder.SWTBot.scaleWithId(java.lang.String,java.lang.String)
DEBUG 2013/09/14 19:51:24,055 [MainThread] (SWTBotBridge.java:122) - 	paramTypeClass=class java.lang.String
DEBUG 2013/09/14 19:51:24,055 [MainThread] (SWTBotBridge.java:122) - 	paramTypeClass=class java.lang.String
DEBUG 2013/09/14 19:51:24,056 [MainThread] (SWTBotBridge.java:120) - method=public org.eclipse.swtbot.swt.finder.widgets.SWTBotScale org.eclipse.swtbot.swt.finder.SWTBot.scaleWithId(java.lang.String)
DEBUG 2013/09/14 19:51:24,056 [MainThread] (SWTBotBridge.java:122) - 	paramTypeClass=class java.lang.String
DEBUG 2013/09/14 19:51:24,056 [MainThread] (SWTBotBridge.java:120) - method=public org.eclipse.swtbot.swt.finder.widgets.SWTBotScale org.eclipse.swtbot.swt.finder.SWTBot.scaleWithId(java.lang.String,java.lang.String,int)
DEBUG 2013/09/14 19:51:24,057 [MainThread] (SWTBotBridge.java:122) - 	paramTypeClass=class java.lang.String
DEBUG 2013/09/14 19:51:24,057 [MainThread] (SWTBotBridge.java:122) - 	paramTypeClass=class java.lang.String
DEBUG 2013/09/14 19:51:24,057 [MainThread] (SWTBotBridge.java:122) - 	paramTypeClass=int
DEBUG 2013/09/14 19:51:24,058 [MainThread] (SWTBotBridge.java:120) - method=public org.eclipse.swtbot.swt.finder.widgets.SWTBotScale org.eclipse.swtbot.swt.finder.SWTBot.scaleWithId(java.lang.String,int)
DEBUG 2013/09/14 19:51:24,058 [MainThread] (SWTBotBridge.java:122) - 	paramTypeClass=class java.lang.String
DEBUG 2013/09/14 19:51:24,059 [MainThread] (SWTBotBridge.java:122) - 	paramTypeClass=int
DEBUG 2013/09/14 19:51:24,059 [MainThread] (SWTBotBridge.java:120) - method=public org.eclipse.swtbot.swt.finder.widgets.SWTBotArrowButton org.eclipse.swtbot.swt.finder.SWTBot.arrowButton(int)
DEBUG 2013/09/14 19:51:24,059 [MainThread] (SWTBotBridge.java:122) - 	paramTypeClass=int
DEBUG 2013/09/14 19:51:24,060 [MainThread] (SWTBotBridge.java:120) - method=public org.eclipse.swtbot.swt.finder.widgets.SWTBotArrowButton org.eclipse.swtbot.swt.finder.SWTBot.arrowButton()
DEBUG 2013/09/14 19:51:24,060 [MainThread] (SWTBotBridge.java:120) - method=public org.eclipse.swtbot.swt.finder.widgets.SWTBotScale org.eclipse.swtbot.swt.finder.SWTBot.scaleInGroup(java.lang.String)
DEBUG 2013/09/14 19:51:24,061 [MainThread] (SWTBotBridge.java:122) - 	paramTypeClass=class java.lang.String
DEBUG 2013/09/14 19:51:24,061 [MainThread] (SWTBotBridge.java:120) - method=public org.eclipse.swtbot.swt.finder.widgets.SWTBotScale org.eclipse.swtbot.swt.finder.SWTBot.scaleInGroup(java.lang.String,int)
DEBUG 2013/09/14 19:51:24,061 [MainThread] (SWTBotBridge.java:122) - 	paramTypeClass=class java.lang.String
DEBUG 2013/09/14 19:51:24,066 [MainThread] (SWTBotBridge.java:122) - 	paramTypeClass=int
DEBUG 2013/09/14 19:51:24,067 [MainThread] (SWTBotBridge.java:120) - method=public org.eclipse.swtbot.swt.finder.widgets.SWTBotScale org.eclipse.swtbot.swt.finder.SWTBot.scaleInGroup(java.lang.String,java.lang.String)
DEBUG 2013/09/14 19:51:24,067 [MainThread] (SWTBotBridge.java:122) - 	paramTypeClass=class java.lang.String
DEBUG 2013/09/14 19:51:24,067 [MainThread] (SWTBotBridge.java:122) - 	paramTypeClass=class java.lang.String
DEBUG 2013/09/14 19:51:24,068 [MainThread] (SWTBotBridge.java:120) - method=public org.eclipse.swtbot.swt.finder.widgets.SWTBotScale org.eclipse.swtbot.swt.finder.SWTBot.scaleInGroup(java.lang.String,java.lang.String,int)
DEBUG 2013/09/14 19:51:24,068 [MainThread] (SWTBotBridge.java:122) - 	paramTypeClass=class java.lang.String
DEBUG 2013/09/14 19:51:24,069 [MainThread] (SWTBotBridge.java:122) - 	paramTypeClass=class java.lang.String
DEBUG 2013/09/14 19:51:24,069 [MainThread] (SWTBotBridge.java:122) - 	paramTypeClass=int
DEBUG 2013/09/14 19:51:24,069 [MainThread] (SWTBotBridge.java:120) - method=public void org.eclipse.swtbot.swt.finder.SWTBotFactory.sleep(long)
DEBUG 2013/09/14 19:51:24,070 [MainThread] (SWTBotBridge.java:122) - 	paramTypeClass=long
DEBUG 2013/09/14 19:51:24,070 [MainThread] (SWTBotBridge.java:120) - method=public java.util.List org.eclipse.swtbot.swt.finder.SWTBotFactory.widgets(org.hamcrest.Matcher,org.eclipse.swt.widgets.Widget)
DEBUG 2013/09/14 19:51:24,071 [MainThread] (SWTBotBridge.java:122) - 	paramTypeClass=interface org.hamcrest.Matcher
DEBUG 2013/09/14 19:51:24,071 [MainThread] (SWTBotBridge.java:122) - 	paramTypeClass=class org.eclipse.swt.widgets.Widget
DEBUG 2013/09/14 19:51:24,071 [MainThread] (SWTBotBridge.java:120) - method=public java.util.List org.eclipse.swtbot.swt.finder.SWTBotFactory.widgets(org.hamcrest.Matcher)
DEBUG 2013/09/14 19:51:24,072 [MainThread] (SWTBotBridge.java:122) - 	paramTypeClass=interface org.hamcrest.Matcher
DEBUG 2013/09/14 19:51:24,072 [MainThread] (SWTBotBridge.java:120) - method=public org.eclipse.swtbot.swt.finder.widgets.SWTBotShell org.eclipse.swtbot.swt.finder.SWTBotFactory.shell(java.lang.String)
DEBUG 2013/09/14 19:51:24,073 [MainThread] (SWTBotBridge.java:122) - 	paramTypeClass=class java.lang.String
DEBUG 2013/09/14 19:51:24,073 [MainThread] (SWTBotBridge.java:120) - method=public org.eclipse.swtbot.swt.finder.widgets.SWTBotShell org.eclipse.swtbot.swt.finder.SWTBotFactory.shell(java.lang.String,org.eclipse.swt.widgets.Shell,int)
DEBUG 2013/09/14 19:51:24,073 [MainThread] (SWTBotBridge.java:122) - 	paramTypeClass=class java.lang.String
DEBUG 2013/09/14 19:51:24,074 [MainThread] (SWTBotBridge.java:122) - 	paramTypeClass=class org.eclipse.swt.widgets.Shell
DEBUG 2013/09/14 19:51:24,074 [MainThread] (SWTBotBridge.java:122) - 	paramTypeClass=int
DEBUG 2013/09/14 19:51:24,075 [MainThread] (SWTBotBridge.java:120) - method=public org.eclipse.swtbot.swt.finder.widgets.SWTBotShell org.eclipse.swtbot.swt.finder.SWTBotFactory.shell(java.lang.String,int)
DEBUG 2013/09/14 19:51:24,075 [MainThread] (SWTBotBridge.java:122) - 	paramTypeClass=class java.lang.String
DEBUG 2013/09/14 19:51:24,075 [MainThread] (SWTBotBridge.java:122) - 	paramTypeClass=int
DEBUG 2013/09/14 19:51:24,076 [MainThread] (SWTBotBridge.java:120) - method=public org.eclipse.swtbot.swt.finder.widgets.SWTBotShell org.eclipse.swtbot.swt.finder.SWTBotFactory.shell(java.lang.String,org.eclipse.swt.widgets.Shell)
DEBUG 2013/09/14 19:51:24,076 [MainThread] (SWTBotBridge.java:122) - 	paramTypeClass=class java.lang.String
DEBUG 2013/09/14 19:51:24,077 [MainThread] (SWTBotBridge.java:122) - 	paramTypeClass=class org.eclipse.swt.widgets.Shell
DEBUG 2013/09/14 19:51:24,077 [MainThread] (SWTBotBridge.java:120) - method=public void org.eclipse.swtbot.swt.finder.SWTBotFactory.waitUntilWidgetAppears(org.eclipse.swtbot.swt.finder.waits.ICondition)
DEBUG 2013/09/14 19:51:24,078 [MainThread] (SWTBotBridge.java:122) - 	paramTypeClass=interface org.eclipse.swtbot.swt.finder.waits.ICondition
DEBUG 2013/09/14 19:51:24,078 [MainThread] (SWTBotBridge.java:120) - method=public void org.eclipse.swtbot.swt.finder.SWTBotFactory.performWithTimeout(org.eclipse.swtbot.swt.finder.results.VoidResult,long)
DEBUG 2013/09/14 19:51:24,078 [MainThread] (SWTBotBridge.java:122) - 	paramTypeClass=interface org.eclipse.swtbot.swt.finder.results.VoidResult
DEBUG 2013/09/14 19:51:24,079 [MainThread] (SWTBotBridge.java:122) - 	paramTypeClass=long
DEBUG 2013/09/14 19:51:24,079 [MainThread] (SWTBotBridge.java:120) - method=public java.lang.Object org.eclipse.swtbot.swt.finder.SWTBotFactory.performWithTimeout(org.eclipse.swtbot.swt.finder.results.Result,long)
DEBUG 2013/09/14 19:51:24,080 [MainThread] (SWTBotBridge.java:122) - 	paramTypeClass=interface org.eclipse.swtbot.swt.finder.results.Result
DEBUG 2013/09/14 19:51:24,080 [MainThread] (SWTBotBridge.java:122) - 	paramTypeClass=long
DEBUG 2013/09/14 19:51:24,080 [MainThread] (SWTBotBridge.java:120) - method=public org.eclipse.swt.widgets.Control org.eclipse.swtbot.swt.finder.SWTBotFactory.getFocusedWidget()
DEBUG 2013/09/14 19:51:24,081 [MainThread] (SWTBotBridge.java:120) - method=public org.eclipse.swt.widgets.Widget org.eclipse.swtbot.swt.finder.SWTBotFactory.widget(org.hamcrest.Matcher,org.eclipse.swt.widgets.Widget)
DEBUG 2013/09/14 19:51:24,081 [MainThread] (SWTBotBridge.java:122) - 	paramTypeClass=interface org.hamcrest.Matcher
DEBUG 2013/09/14 19:51:24,082 [MainThread] (SWTBotBridge.java:122) - 	paramTypeClass=class org.eclipse.swt.widgets.Widget
DEBUG 2013/09/14 19:51:24,082 [MainThread] (SWTBotBridge.java:120) - method=public org.eclipse.swt.widgets.Widget org.eclipse.swtbot.swt.finder.SWTBotFactory.widget(org.hamcrest.Matcher,int)
DEBUG 2013/09/14 19:51:24,082 [MainThread] (SWTBotBridge.java:122) - 	paramTypeClass=interface org.hamcrest.Matcher
DEBUG 2013/09/14 19:51:24,083 [MainThread] (SWTBotBridge.java:122) - 	paramTypeClass=int
DEBUG 2013/09/14 19:51:24,083 [MainThread] (SWTBotBridge.java:120) - method=public org.eclipse.swt.widgets.Widget org.eclipse.swtbot.swt.finder.SWTBotFactory.widget(org.hamcrest.Matcher,org.eclipse.swt.widgets.Widget,int)
DEBUG 2013/09/14 19:51:24,084 [MainThread] (SWTBotBridge.java:122) - 	paramTypeClass=interface org.hamcrest.Matcher
DEBUG 2013/09/14 19:51:24,084 [MainThread] (SWTBotBridge.java:122) - 	paramTypeClass=class org.eclipse.swt.widgets.Widget
DEBUG 2013/09/14 19:51:24,084 [MainThread] (SWTBotBridge.java:122) - 	paramTypeClass=int
DEBUG 2013/09/14 19:51:24,085 [MainThread] (SWTBotBridge.java:120) - method=public org.eclipse.swt.widgets.Widget org.eclipse.swtbot.swt.finder.SWTBotFactory.widget(org.hamcrest.Matcher)
DEBUG 2013/09/14 19:51:24,085 [MainThread] (SWTBotBridge.java:122) - 	paramTypeClass=interface org.hamcrest.Matcher
DEBUG 2013/09/14 19:51:24,086 [MainThread] (SWTBotBridge.java:120) - method=public void org.eclipse.swtbot.swt.finder.SWTBotFactory.waitUntil(org.eclipse.swtbot.swt.finder.waits.ICondition) throws org.eclipse.swtbot.swt.finder.widgets.TimeoutException
DEBUG 2013/09/14 19:51:24,086 [MainThread] (SWTBotBridge.java:122) - 	paramTypeClass=interface org.eclipse.swtbot.swt.finder.waits.ICondition
DEBUG 2013/09/14 19:51:24,087 [MainThread] (SWTBotBridge.java:120) - method=public void org.eclipse.swtbot.swt.finder.SWTBotFactory.waitUntil(org.eclipse.swtbot.swt.finder.waits.ICondition,long) throws org.eclipse.swtbot.swt.finder.widgets.TimeoutException
DEBUG 2013/09/14 19:51:24,087 [MainThread] (SWTBotBridge.java:122) - 	paramTypeClass=interface org.eclipse.swtbot.swt.finder.waits.ICondition
DEBUG 2013/09/14 19:51:24,088 [MainThread] (SWTBotBridge.java:122) - 	paramTypeClass=long
DEBUG 2013/09/14 19:51:24,088 [MainThread] (SWTBotBridge.java:120) - method=public void org.eclipse.swtbot.swt.finder.SWTBotFactory.waitUntil(org.eclipse.swtbot.swt.finder.waits.ICondition,long,long) throws org.eclipse.swtbot.swt.finder.widgets.TimeoutException
DEBUG 2013/09/14 19:51:24,088 [MainThread] (SWTBotBridge.java:122) - 	paramTypeClass=interface org.eclipse.swtbot.swt.finder.waits.ICondition
DEBUG 2013/09/14 19:51:24,089 [MainThread] (SWTBotBridge.java:122) - 	paramTypeClass=long
DEBUG 2013/09/14 19:51:24,089 [MainThread] (SWTBotBridge.java:122) - 	paramTypeClass=long
DEBUG 2013/09/14 19:51:24,090 [MainThread] (SWTBotBridge.java:120) - method=public void org.eclipse.swtbot.swt.finder.SWTBotFactory.waitWhile(org.eclipse.swtbot.swt.finder.waits.ICondition) throws org.eclipse.swtbot.swt.finder.widgets.TimeoutException
DEBUG 2013/09/14 19:51:24,090 [MainThread] (SWTBotBridge.java:122) - 	paramTypeClass=interface org.eclipse.swtbot.swt.finder.waits.ICondition
DEBUG 2013/09/14 19:51:24,091 [MainThread] (SWTBotBridge.java:120) - method=public void org.eclipse.swtbot.swt.finder.SWTBotFactory.waitWhile(org.eclipse.swtbot.swt.finder.waits.ICondition,long) throws org.eclipse.swtbot.swt.finder.widgets.TimeoutException
DEBUG 2013/09/14 19:51:24,091 [MainThread] (SWTBotBridge.java:122) - 	paramTypeClass=interface org.eclipse.swtbot.swt.finder.waits.ICondition
DEBUG 2013/09/14 19:51:24,091 [MainThread] (SWTBotBridge.java:122) - 	paramTypeClass=long
DEBUG 2013/09/14 19:51:24,092 [MainThread] (SWTBotBridge.java:120) - method=public void org.eclipse.swtbot.swt.finder.SWTBotFactory.waitWhile(org.eclipse.swtbot.swt.finder.waits.ICondition,long,long) throws org.eclipse.swtbot.swt.finder.widgets.TimeoutException
DEBUG 2013/09/14 19:51:24,092 [MainThread] (SWTBotBridge.java:122) - 	paramTypeClass=interface org.eclipse.swtbot.swt.finder.waits.ICondition
DEBUG 2013/09/14 19:51:24,093 [MainThread] (SWTBotBridge.java:122) - 	paramTypeClass=long
DEBUG 2013/09/14 19:51:24,093 [MainThread] (SWTBotBridge.java:122) - 	paramTypeClass=long
DEBUG 2013/09/14 19:51:24,093 [MainThread] (SWTBotBridge.java:120) - method=public org.eclipse.swtbot.swt.finder.widgets.SWTBotMenu org.eclipse.swtbot.swt.finder.SWTBotFactory.menuWithId(java.lang.String,java.lang.String)
DEBUG 2013/09/14 19:51:24,094 [MainThread] (SWTBotBridge.java:122) - 	paramTypeClass=class java.lang.String
DEBUG 2013/09/14 19:51:24,094 [MainThread] (SWTBotBridge.java:122) - 	paramTypeClass=class java.lang.String
DEBUG 2013/09/14 19:51:24,094 [MainThread] (SWTBotBridge.java:120) - method=public org.eclipse.swtbot.swt.finder.widgets.SWTBotMenu org.eclipse.swtbot.swt.finder.SWTBotFactory.menuWithId(java.lang.String,int)
DEBUG 2013/09/14 19:51:24,095 [MainThread] (SWTBotBridge.java:122) - 	paramTypeClass=class java.lang.String
DEBUG 2013/09/14 19:51:24,095 [MainThread] (SWTBotBridge.java:122) - 	paramTypeClass=int
DEBUG 2013/09/14 19:51:24,096 [MainThread] (SWTBotBridge.java:120) - method=public org.eclipse.swtbot.swt.finder.widgets.SWTBotMenu org.eclipse.swtbot.swt.finder.SWTBotFactory.menuWithId(java.lang.String)
DEBUG 2013/09/14 19:51:24,096 [MainThread] (SWTBotBridge.java:122) - 	paramTypeClass=class java.lang.String
DEBUG 2013/09/14 19:51:24,096 [MainThread] (SWTBotBridge.java:120) - method=public org.eclipse.swtbot.swt.finder.widgets.SWTBotMenu org.eclipse.swtbot.swt.finder.SWTBotFactory.menuWithId(java.lang.String,java.lang.String,int)
DEBUG 2013/09/14 19:51:24,097 [MainThread] (SWTBotBridge.java:122) - 	paramTypeClass=class java.lang.String
DEBUG 2013/09/14 19:51:24,097 [MainThread] (SWTBotBridge.java:122) - 	paramTypeClass=class java.lang.String
DEBUG 2013/09/14 19:51:24,098 [MainThread] (SWTBotBridge.java:122) - 	paramTypeClass=int
DEBUG 2013/09/14 19:51:24,098 [MainThread] (SWTBotBridge.java:120) - method=public org.eclipse.swtbot.swt.finder.widgets.SWTBotShell org.eclipse.swtbot.swt.finder.SWTBotFactory.shellWithId(java.lang.String,int)
DEBUG 2013/09/14 19:51:24,098 [MainThread] (SWTBotBridge.java:122) - 	paramTypeClass=class java.lang.String
DEBUG 2013/09/14 19:51:24,099 [MainThread] (SWTBotBridge.java:122) - 	paramTypeClass=int
DEBUG 2013/09/14 19:51:24,099 [MainThread] (SWTBotBridge.java:120) - method=public org.eclipse.swtbot.swt.finder.widgets.SWTBotShell org.eclipse.swtbot.swt.finder.SWTBotFactory.shellWithId(java.lang.String)
DEBUG 2013/09/14 19:51:24,100 [MainThread] (SWTBotBridge.java:122) - 	paramTypeClass=class java.lang.String
DEBUG 2013/09/14 19:51:24,100 [MainThread] (SWTBotBridge.java:120) - method=public org.eclipse.swtbot.swt.finder.widgets.SWTBotShell org.eclipse.swtbot.swt.finder.SWTBotFactory.shellWithId(java.lang.String,java.lang.String)
DEBUG 2013/09/14 19:51:24,100 [MainThread] (SWTBotBridge.java:122) - 	paramTypeClass=class java.lang.String
DEBUG 2013/09/14 19:51:24,101 [MainThread] (SWTBotBridge.java:122) - 	paramTypeClass=class java.lang.String
DEBUG 2013/09/14 19:51:24,101 [MainThread] (SWTBotBridge.java:120) - method=public org.eclipse.swtbot.swt.finder.widgets.SWTBotShell org.eclipse.swtbot.swt.finder.SWTBotFactory.shellWithId(java.lang.String,java.lang.String,int)
DEBUG 2013/09/14 19:51:24,101 [MainThread] (SWTBotBridge.java:122) - 	paramTypeClass=class java.lang.String
DEBUG 2013/09/14 19:51:24,102 [MainThread] (SWTBotBridge.java:122) - 	paramTypeClass=class java.lang.String
DEBUG 2013/09/14 19:51:24,102 [MainThread] (SWTBotBridge.java:122) - 	paramTypeClass=int
DEBUG 2013/09/14 19:51:24,103 [MainThread] (SWTBotBridge.java:120) - method=public java.util.List org.eclipse.swtbot.swt.finder.SWTBotFactory.shells(java.lang.String,org.eclipse.swt.widgets.Shell)
DEBUG 2013/09/14 19:51:24,103 [MainThread] (SWTBotBridge.java:122) - 	paramTypeClass=class java.lang.String
DEBUG 2013/09/14 19:51:24,103 [MainThread] (SWTBotBridge.java:122) - 	paramTypeClass=class org.eclipse.swt.widgets.Shell
DEBUG 2013/09/14 19:51:24,104 [MainThread] (SWTBotBridge.java:120) - method=public java.util.List org.eclipse.swtbot.swt.finder.SWTBotFactory.shells(java.lang.String)
DEBUG 2013/09/14 19:51:24,104 [MainThread] (SWTBotBridge.java:122) - 	paramTypeClass=class java.lang.String
DEBUG 2013/09/14 19:51:24,104 [MainThread] (SWTBotBridge.java:120) - method=public org.eclipse.swtbot.swt.finder.widgets.SWTBotShell[] org.eclipse.swtbot.swt.finder.SWTBotFactory.shells()
DEBUG 2013/09/14 19:51:24,105 [MainThread] (SWTBotBridge.java:120) - method=public org.eclipse.swtbot.swt.finder.widgets.SWTBotShell org.eclipse.swtbot.swt.finder.SWTBotFactory.activeShell() throws org.eclipse.swtbot.swt.finder.exceptions.WidgetNotFoundException
DEBUG 2013/09/14 19:51:24,105 [MainThread] (SWTBotBridge.java:120) - method=public org.eclipse.swt.widgets.Display org.eclipse.swtbot.swt.finder.SWTBotFactory.getDisplay()
DEBUG 2013/09/14 19:51:24,106 [MainThread] (SWTBotBridge.java:120) - method=public org.eclipse.swtbot.swt.finder.widgets.SWTBotTrayItem org.eclipse.swtbot.swt.finder.SWTBotFactory.trayItem(int)
DEBUG 2013/09/14 19:51:24,106 [MainThread] (SWTBotBridge.java:122) - 	paramTypeClass=int
DEBUG 2013/09/14 19:51:24,106 [MainThread] (SWTBotBridge.java:120) - method=public org.eclipse.swtbot.swt.finder.widgets.SWTBotTrayItem org.eclipse.swtbot.swt.finder.SWTBotFactory.trayItem()
DEBUG 2013/09/14 19:51:24,107 [MainThread] (SWTBotBridge.java:120) - method=public org.eclipse.swtbot.swt.finder.widgets.SWTBotMenu org.eclipse.swtbot.swt.finder.SWTBotFactory.menu(org.eclipse.swtbot.swt.finder.widgets.SWTBotShell,org.hamcrest.Matcher,int)
DEBUG 2013/09/14 19:51:24,107 [MainThread] (SWTBotBridge.java:122) - 	paramTypeClass=class org.eclipse.swtbot.swt.finder.widgets.SWTBotShell
DEBUG 2013/09/14 19:51:24,108 [MainThread] (SWTBotBridge.java:122) - 	paramTypeClass=interface org.hamcrest.Matcher
DEBUG 2013/09/14 19:51:24,108 [MainThread] (SWTBotBridge.java:122) - 	paramTypeClass=int
DEBUG 2013/09/14 19:51:24,108 [MainThread] (SWTBotBridge.java:120) - method=public org.eclipse.swtbot.swt.finder.widgets.SWTBotMenu org.eclipse.swtbot.swt.finder.SWTBotFactory.menu(java.lang.String)
DEBUG 2013/09/14 19:51:24,109 [MainThread] (SWTBotBridge.java:122) - 	paramTypeClass=class java.lang.String
DEBUG 2013/09/14 19:51:24,109 [MainThread] (SWTBotBridge.java:120) - method=public org.eclipse.swtbot.swt.finder.widgets.SWTBotMenu org.eclipse.swtbot.swt.finder.SWTBotFactory.menu(java.lang.String,int)
DEBUG 2013/09/14 19:51:24,110 [MainThread] (SWTBotBridge.java:122) - 	paramTypeClass=class java.lang.String
DEBUG 2013/09/14 19:51:24,111 [MainThread] (SWTBotBridge.java:122) - 	paramTypeClass=int
DEBUG 2013/09/14 19:51:24,111 [MainThread] (SWTBotBridge.java:120) - method=public org.eclipse.swtbot.swt.finder.widgets.SWTBotTrayItem org.eclipse.swtbot.swt.finder.SWTBotFactory.trayItemWithTooltip(java.lang.String,int)
DEBUG 2013/09/14 19:51:24,112 [MainThread] (SWTBotBridge.java:122) - 	paramTypeClass=class java.lang.String
DEBUG 2013/09/14 19:51:24,112 [MainThread] (SWTBotBridge.java:122) - 	paramTypeClass=int
DEBUG 2013/09/14 19:51:24,112 [MainThread] (SWTBotBridge.java:120) - method=public org.eclipse.swtbot.swt.finder.widgets.SWTBotTrayItem org.eclipse.swtbot.swt.finder.SWTBotFactory.trayItemWithTooltip(java.lang.String)
DEBUG 2013/09/14 19:51:24,113 [MainThread] (SWTBotBridge.java:122) - 	paramTypeClass=class java.lang.String
DEBUG 2013/09/14 19:51:24,113 [MainThread] (SWTBotBridge.java:120) - method=public boolean org.eclipse.swtbot.swt.finder.SWTBotFactory.captureScreenshot(java.lang.String)
DEBUG 2013/09/14 19:51:24,114 [MainThread] (SWTBotBridge.java:122) - 	paramTypeClass=class java.lang.String
DEBUG 2013/09/14 19:51:24,114 [MainThread] (SWTBotBridge.java:120) - method=public org.eclipse.swtbot.swt.finder.finders.Finder org.eclipse.swtbot.swt.finder.SWTBotFactory.getFinder()
DEBUG 2013/09/14 19:51:24,114 [MainThread] (SWTBotBridge.java:120) - method=public java.util.List org.eclipse.swtbot.swt.finder.SWTBotFactory.trayItems()
DEBUG 2013/09/14 19:51:24,115 [MainThread] (SWTBotBridge.java:120) - method=public java.util.List org.eclipse.swtbot.swt.finder.SWTBotFactory.trayItems(org.hamcrest.Matcher)
DEBUG 2013/09/14 19:51:24,115 [MainThread] (SWTBotBridge.java:122) - 	paramTypeClass=interface org.hamcrest.Matcher
DEBUG 2013/09/14 19:51:24,116 [MainThread] (SWTBotBridge.java:120) - method=public final native void java.lang.Object.wait(long) throws java.lang.InterruptedException
DEBUG 2013/09/14 19:51:24,116 [MainThread] (SWTBotBridge.java:122) - 	paramTypeClass=long
DEBUG 2013/09/14 19:51:24,116 [MainThread] (SWTBotBridge.java:120) - method=public final void java.lang.Object.wait(long,int) throws java.lang.InterruptedException
DEBUG 2013/09/14 19:51:24,117 [MainThread] (SWTBotBridge.java:122) - 	paramTypeClass=long
DEBUG 2013/09/14 19:51:24,117 [MainThread] (SWTBotBridge.java:122) - 	paramTypeClass=int
DEBUG 2013/09/14 19:51:24,117 [MainThread] (SWTBotBridge.java:120) - method=public final void java.lang.Object.wait() throws java.lang.InterruptedException
DEBUG 2013/09/14 19:51:24,118 [MainThread] (SWTBotBridge.java:120) - method=public boolean java.lang.Object.equals(java.lang.Object)
DEBUG 2013/09/14 19:51:24,118 [MainThread] (SWTBotBridge.java:122) - 	paramTypeClass=class java.lang.Object
DEBUG 2013/09/14 19:51:24,119 [MainThread] (SWTBotBridge.java:120) - method=public native int java.lang.Object.hashCode()
DEBUG 2013/09/14 19:51:24,119 [MainThread] (SWTBotBridge.java:120) - method=public java.lang.String java.lang.Object.toString()
DEBUG 2013/09/14 19:51:24,119 [MainThread] (SWTBotBridge.java:120) - method=public final native java.lang.Class java.lang.Object.getClass()
DEBUG 2013/09/14 19:51:24,120 [MainThread] (SWTBotBridge.java:120) - method=public final native void java.lang.Object.notifyAll()
DEBUG 2013/09/14 19:51:24,120 [MainThread] (SWTBotBridge.java:120) - method=public final native void java.lang.Object.notify()
DEBUG 2013/09/14 19:51:24,120 [MainThread] (SWTBotBridge.java:125) - called method=menu
DEBUG 2013/09/14 19:51:24,121 [MainThread] (SWTBotBridge.java:127) - 	 with param=File, of class=class java.lang.String
DEBUG 2013/09/14 19:51:24,121 [MainThread] (SWTBotBridge.java:129) - 	 on instance of class=org.eclipse.swtbot.eclipse.finder.SWTWorkbenchBot
DEBUG 2013/09/14 19:51:24,403 [MainThread] (Context.java:32) - Context.setCurrentWidget=org.lcx.robotframework.swtbot.swt.finder.widgets.SWTBotMenu
DEBUG 2013/09/14 19:51:24,416 [MainThread] (EclipseLibrary.java:51) - runKeyword:findSubMenu
DEBUG 2013/09/14 19:51:24,417 [MainThread] (EclipseLibrary.java:52) - 	args:1
DEBUG 2013/09/14 19:51:24,417 [MainThread] (EclipseLibrary.java:55) - 		arg[0]:Exit, of class=java.lang.String
DEBUG 2013/09/14 19:51:24,418 [MainThread] (SWTBotBridge.java:100) - =====================================
DEBUG 2013/09/14 19:51:24,419 [MainThread] (SWTBotBridge.java:120) - method=public boolean org.eclipse.swtbot.swt.finder.widgets.SWTBotMenu.isEnabled()
DEBUG 2013/09/14 19:51:24,419 [MainThread] (SWTBotBridge.java:120) - method=public boolean org.eclipse.swtbot.swt.finder.widgets.SWTBotMenu.isChecked()
DEBUG 2013/09/14 19:51:24,420 [MainThread] (SWTBotBridge.java:120) - method=public org.eclipse.swtbot.swt.finder.widgets.SWTBotMenu org.eclipse.swtbot.swt.finder.widgets.SWTBotMenu.menu(java.lang.String) throws org.eclipse.swtbot.swt.finder.exceptions.WidgetNotFoundException
DEBUG 2013/09/14 19:51:24,420 [MainThread] (SWTBotBridge.java:122) - 	paramTypeClass=class java.lang.String
DEBUG 2013/09/14 19:51:24,421 [MainThread] (SWTBotBridge.java:120) - method=public org.eclipse.swtbot.swt.finder.widgets.SWTBotMenu org.eclipse.swtbot.swt.finder.widgets.SWTBotMenu.click()
DEBUG 2013/09/14 19:51:24,422 [MainThread] (SWTBotBridge.java:120) - method=public org.eclipse.swtbot.swt.finder.widgets.AbstractSWTBot org.eclipse.swtbot.swt.finder.widgets.SWTBotMenu.click()
DEBUG 2013/09/14 19:51:24,422 [MainThread] (SWTBotBridge.java:120) - method=public java.lang.String org.eclipse.swtbot.swt.finder.widgets.AbstractSWTBot.toString()
DEBUG 2013/09/14 19:51:24,423 [MainThread] (SWTBotBridge.java:120) - method=public java.lang.String org.eclipse.swtbot.swt.finder.widgets.AbstractSWTBot.getId()
DEBUG 2013/09/14 19:51:24,424 [MainThread] (SWTBotBridge.java:120) - method=public java.lang.String org.eclipse.swtbot.swt.finder.widgets.AbstractSWTBot.getText()
DEBUG 2013/09/14 19:51:24,425 [MainThread] (SWTBotBridge.java:120) - method=public boolean org.eclipse.swtbot.swt.finder.widgets.AbstractSWTBot.traverse(org.eclipse.swtbot.swt.finder.utils.Traverse)
DEBUG 2013/09/14 19:51:24,425 [MainThread] (SWTBotBridge.java:122) - 	paramTypeClass=class org.eclipse.swtbot.swt.finder.utils.Traverse
DEBUG 2013/09/14 19:51:24,426 [MainThread] (SWTBotBridge.java:120) - method=public org.eclipse.swtbot.swt.finder.widgets.SWTBotMenu org.eclipse.swtbot.swt.finder.widgets.AbstractSWTBot.contextMenu(java.lang.String) throws org.eclipse.swtbot.swt.finder.exceptions.WidgetNotFoundException
DEBUG 2013/09/14 19:51:24,426 [MainThread] (SWTBotBridge.java:122) - 	paramTypeClass=class java.lang.String
DEBUG 2013/09/14 19:51:24,427 [MainThread] (SWTBotBridge.java:120) - method=public boolean org.eclipse.swtbot.swt.finder.widgets.AbstractSWTBot.isActive()
DEBUG 2013/09/14 19:51:24,427 [MainThread] (SWTBotBridge.java:120) - method=public void org.eclipse.swtbot.swt.finder.widgets.AbstractSWTBot.setFocus()
DEBUG 2013/09/14 19:51:24,428 [MainThread] (SWTBotBridge.java:120) - method=public boolean org.eclipse.swtbot.swt.finder.widgets.AbstractSWTBot.isVisible()
DEBUG 2013/09/14 19:51:24,428 [MainThread] (SWTBotBridge.java:120) - method=public java.lang.String org.eclipse.swtbot.swt.finder.widgets.AbstractSWTBot.getToolTipText()
DEBUG 2013/09/14 19:51:24,429 [MainThread] (SWTBotBridge.java:120) - method=public org.eclipse.swt.graphics.Color org.eclipse.swtbot.swt.finder.widgets.AbstractSWTBot.foregroundColor()
DEBUG 2013/09/14 19:51:24,429 [MainThread] (SWTBotBridge.java:120) - method=public org.eclipse.swt.graphics.Color org.eclipse.swtbot.swt.finder.widgets.AbstractSWTBot.backgroundColor()
DEBUG 2013/09/14 19:51:24,430 [MainThread] (SWTBotBridge.java:120) - method=public org.eclipse.swtbot.swt.finder.widgets.AbstractSWTBot org.eclipse.swtbot.swt.finder.widgets.AbstractSWTBot.pressShortcut(int,char)
DEBUG 2013/09/14 19:51:24,430 [MainThread] (SWTBotBridge.java:122) - 	paramTypeClass=int
DEBUG 2013/09/14 19:51:24,431 [MainThread] (SWTBotBridge.java:122) - 	paramTypeClass=char
DEBUG 2013/09/14 19:51:24,431 [MainThread] (SWTBotBridge.java:120) - method=public org.eclipse.swtbot.swt.finder.widgets.AbstractSWTBot org.eclipse.swtbot.swt.finder.widgets.AbstractSWTBot.pressShortcut(org.eclipse.jface.bindings.keys.KeyStroke[])
DEBUG 2013/09/14 19:51:24,432 [MainThread] (SWTBotBridge.java:122) - 	paramTypeClass=class [Lorg.eclipse.jface.bindings.keys.KeyStroke;
DEBUG 2013/09/14 19:51:24,432 [MainThread] (SWTBotBridge.java:120) - method=public org.eclipse.swtbot.swt.finder.widgets.AbstractSWTBot org.eclipse.swtbot.swt.finder.widgets.AbstractSWTBot.pressShortcut(int,int,char)
DEBUG 2013/09/14 19:51:24,433 [MainThread] (SWTBotBridge.java:122) - 	paramTypeClass=int
DEBUG 2013/09/14 19:51:24,433 [MainThread] (SWTBotBridge.java:122) - 	paramTypeClass=int
DEBUG 2013/09/14 19:51:24,434 [MainThread] (SWTBotBridge.java:122) - 	paramTypeClass=char
DEBUG 2013/09/14 19:51:24,434 [MainThread] (SWTBotBridge.java:120) - method=public final native void java.lang.Object.wait(long) throws java.lang.InterruptedException
DEBUG 2013/09/14 19:51:24,434 [MainThread] (SWTBotBridge.java:122) - 	paramTypeClass=long
DEBUG 2013/09/14 19:51:24,435 [MainThread] (SWTBotBridge.java:120) - method=public final void java.lang.Object.wait(long,int) throws java.lang.InterruptedException
DEBUG 2013/09/14 19:51:24,435 [MainThread] (SWTBotBridge.java:122) - 	paramTypeClass=long
DEBUG 2013/09/14 19:51:24,436 [MainThread] (SWTBotBridge.java:122) - 	paramTypeClass=int
DEBUG 2013/09/14 19:51:24,436 [MainThread] (SWTBotBridge.java:120) - method=public final void java.lang.Object.wait() throws java.lang.InterruptedException
DEBUG 2013/09/14 19:51:24,437 [MainThread] (SWTBotBridge.java:120) - method=public boolean java.lang.Object.equals(java.lang.Object)
DEBUG 2013/09/14 19:51:24,437 [MainThread] (SWTBotBridge.java:122) - 	paramTypeClass=class java.lang.Object
DEBUG 2013/09/14 19:51:24,438 [MainThread] (SWTBotBridge.java:120) - method=public native int java.lang.Object.hashCode()
DEBUG 2013/09/14 19:51:24,438 [MainThread] (SWTBotBridge.java:120) - method=public final native java.lang.Class java.lang.Object.getClass()
DEBUG 2013/09/14 19:51:24,438 [MainThread] (SWTBotBridge.java:120) - method=public final native void java.lang.Object.notifyAll()
DEBUG 2013/09/14 19:51:24,439 [MainThread] (SWTBotBridge.java:120) - method=public final native void java.lang.Object.notify()
DEBUG 2013/09/14 19:51:24,439 [MainThread] (SWTBotBridge.java:125) - called method=menu
DEBUG 2013/09/14 19:51:24,440 [MainThread] (SWTBotBridge.java:127) - 	 with param=Exit, of class=class java.lang.String
DEBUG 2013/09/14 19:51:24,440 [MainThread] (SWTBotBridge.java:129) - 	 on instance of class=org.eclipse.swtbot.swt.finder.widgets.SWTBotMenu
DEBUG 2013/09/14 19:51:24,451 [MainThread] (Context.java:32) - Context.setCurrentWidget=org.lcx.robotframework.swtbot.swt.finder.widgets.SWTBotMenu
DEBUG 2013/09/14 19:51:29,480 [MainThread] (EclipseLibrary.java:51) - runKeyword:clickMenu
DEBUG 2013/09/14 19:51:29,481 [MainThread] (EclipseLibrary.java:52) - 	args:0
DEBUG 2013/09/14 19:51:29,483 [MainThread] (SWTBotBridge.java:100) - =====================================
DEBUG 2013/09/14 19:51:29,484 [MainThread] (SWTBotBridge.java:120) - method=public boolean org.eclipse.swtbot.swt.finder.widgets.SWTBotMenu.isEnabled()
DEBUG 2013/09/14 19:51:29,485 [MainThread] (SWTBotBridge.java:120) - method=public boolean org.eclipse.swtbot.swt.finder.widgets.SWTBotMenu.isChecked()
DEBUG 2013/09/14 19:51:29,486 [MainThread] (SWTBotBridge.java:120) - method=public org.eclipse.swtbot.swt.finder.widgets.SWTBotMenu org.eclipse.swtbot.swt.finder.widgets.SWTBotMenu.menu(java.lang.String) throws org.eclipse.swtbot.swt.finder.exceptions.WidgetNotFoundException
DEBUG 2013/09/14 19:51:29,487 [MainThread] (SWTBotBridge.java:122) - 	paramTypeClass=class java.lang.String
DEBUG 2013/09/14 19:51:29,488 [MainThread] (SWTBotBridge.java:120) - method=public org.eclipse.swtbot.swt.finder.widgets.SWTBotMenu org.eclipse.swtbot.swt.finder.widgets.SWTBotMenu.click()
DEBUG 2013/09/14 19:51:29,489 [MainThread] (SWTBotBridge.java:120) - method=public org.eclipse.swtbot.swt.finder.widgets.AbstractSWTBot org.eclipse.swtbot.swt.finder.widgets.SWTBotMenu.click()
DEBUG 2013/09/14 19:51:29,490 [MainThread] (SWTBotBridge.java:120) - method=public java.lang.String org.eclipse.swtbot.swt.finder.widgets.AbstractSWTBot.toString()
DEBUG 2013/09/14 19:51:29,491 [MainThread] (SWTBotBridge.java:120) - method=public java.lang.String org.eclipse.swtbot.swt.finder.widgets.AbstractSWTBot.getId()
DEBUG 2013/09/14 19:51:29,491 [MainThread] (SWTBotBridge.java:120) - method=public java.lang.String org.eclipse.swtbot.swt.finder.widgets.AbstractSWTBot.getText()
DEBUG 2013/09/14 19:51:29,492 [MainThread] (SWTBotBridge.java:120) - method=public boolean org.eclipse.swtbot.swt.finder.widgets.AbstractSWTBot.traverse(org.eclipse.swtbot.swt.finder.utils.Traverse)
DEBUG 2013/09/14 19:51:29,493 [MainThread] (SWTBotBridge.java:122) - 	paramTypeClass=class org.eclipse.swtbot.swt.finder.utils.Traverse
DEBUG 2013/09/14 19:51:29,494 [MainThread] (SWTBotBridge.java:120) - method=public org.eclipse.swtbot.swt.finder.widgets.SWTBotMenu org.eclipse.swtbot.swt.finder.widgets.AbstractSWTBot.contextMenu(java.lang.String) throws org.eclipse.swtbot.swt.finder.exceptions.WidgetNotFoundException
DEBUG 2013/09/14 19:51:29,495 [MainThread] (SWTBotBridge.java:122) - 	paramTypeClass=class java.lang.String
DEBUG 2013/09/14 19:51:29,495 [MainThread] (SWTBotBridge.java:120) - method=public boolean org.eclipse.swtbot.swt.finder.widgets.AbstractSWTBot.isActive()
DEBUG 2013/09/14 19:51:29,496 [MainThread] (SWTBotBridge.java:120) - method=public void org.eclipse.swtbot.swt.finder.widgets.AbstractSWTBot.setFocus()
DEBUG 2013/09/14 19:51:29,497 [MainThread] (SWTBotBridge.java:120) - method=public boolean org.eclipse.swtbot.swt.finder.widgets.AbstractSWTBot.isVisible()
DEBUG 2013/09/14 19:51:29,498 [MainThread] (SWTBotBridge.java:120) - method=public java.lang.String org.eclipse.swtbot.swt.finder.widgets.AbstractSWTBot.getToolTipText()
DEBUG 2013/09/14 19:51:29,499 [MainThread] (SWTBotBridge.java:120) - method=public org.eclipse.swt.graphics.Color org.eclipse.swtbot.swt.finder.widgets.AbstractSWTBot.foregroundColor()
DEBUG 2013/09/14 19:51:29,499 [MainThread] (SWTBotBridge.java:120) - method=public org.eclipse.swt.graphics.Color org.eclipse.swtbot.swt.finder.widgets.AbstractSWTBot.backgroundColor()
DEBUG 2013/09/14 19:51:29,500 [MainThread] (SWTBotBridge.java:120) - method=public org.eclipse.swtbot.swt.finder.widgets.AbstractSWTBot org.eclipse.swtbot.swt.finder.widgets.AbstractSWTBot.pressShortcut(int,char)
DEBUG 2013/09/14 19:51:29,501 [MainThread] (SWTBotBridge.java:122) - 	paramTypeClass=int
DEBUG 2013/09/14 19:51:29,502 [MainThread] (SWTBotBridge.java:122) - 	paramTypeClass=char
DEBUG 2013/09/14 19:51:29,503 [MainThread] (SWTBotBridge.java:120) - method=public org.eclipse.swtbot.swt.finder.widgets.AbstractSWTBot org.eclipse.swtbot.swt.finder.widgets.AbstractSWTBot.pressShortcut(org.eclipse.jface.bindings.keys.KeyStroke[])
DEBUG 2013/09/14 19:51:29,503 [MainThread] (SWTBotBridge.java:122) - 	paramTypeClass=class [Lorg.eclipse.jface.bindings.keys.KeyStroke;
DEBUG 2013/09/14 19:51:29,504 [MainThread] (SWTBotBridge.java:120) - method=public org.eclipse.swtbot.swt.finder.widgets.AbstractSWTBot org.eclipse.swtbot.swt.finder.widgets.AbstractSWTBot.pressShortcut(int,int,char)
DEBUG 2013/09/14 19:51:29,505 [MainThread] (SWTBotBridge.java:122) - 	paramTypeClass=int
DEBUG 2013/09/14 19:51:29,506 [MainThread] (SWTBotBridge.java:122) - 	paramTypeClass=int
DEBUG 2013/09/14 19:51:29,506 [MainThread] (SWTBotBridge.java:122) - 	paramTypeClass=char
DEBUG 2013/09/14 19:51:29,507 [MainThread] (SWTBotBridge.java:120) - method=public final native void java.lang.Object.wait(long) throws java.lang.InterruptedException
DEBUG 2013/09/14 19:51:29,508 [MainThread] (SWTBotBridge.java:122) - 	paramTypeClass=long
DEBUG 2013/09/14 19:51:29,509 [MainThread] (SWTBotBridge.java:120) - method=public final void java.lang.Object.wait(long,int) throws java.lang.InterruptedException
DEBUG 2013/09/14 19:51:29,510 [MainThread] (SWTBotBridge.java:122) - 	paramTypeClass=long
DEBUG 2013/09/14 19:51:29,510 [MainThread] (SWTBotBridge.java:122) - 	paramTypeClass=int
DEBUG 2013/09/14 19:51:29,510 [MainThread] (SWTBotBridge.java:120) - method=public final void java.lang.Object.wait() throws java.lang.InterruptedException
DEBUG 2013/09/14 19:51:29,511 [MainThread] (SWTBotBridge.java:120) - method=public boolean java.lang.Object.equals(java.lang.Object)
DEBUG 2013/09/14 19:51:29,511 [MainThread] (SWTBotBridge.java:122) - 	paramTypeClass=class java.lang.Object
DEBUG 2013/09/14 19:51:29,512 [MainThread] (SWTBotBridge.java:120) - method=public native int java.lang.Object.hashCode()
DEBUG 2013/09/14 19:51:29,512 [MainThread] (SWTBotBridge.java:120) - method=public final native java.lang.Class java.lang.Object.getClass()
DEBUG 2013/09/14 19:51:29,512 [MainThread] (SWTBotBridge.java:120) - method=public final native void java.lang.Object.notifyAll()
DEBUG 2013/09/14 19:51:29,513 [MainThread] (SWTBotBridge.java:120) - method=public final native void java.lang.Object.notify()
DEBUG 2013/09/14 19:51:29,513 [MainThread] (SWTBotBridge.java:125) - called method=click
DEBUG 2013/09/14 19:51:29,514 [MainThread] (SWTBotBridge.java:129) - 	 on instance of class=org.eclipse.swtbot.swt.finder.widgets.SWTBotMenu
